{"meta": {"format": 3, "version": "7.14.2", "timestamp": "2026-06-23T11:11:49.427989", "branch_coverage": true, "show_contexts": false}, "files": {"qwen3_embed/__init__.py": {"executed_lines": [1, 3, 4, 5, 6, 8, 9, 13, 14], "summary": {"covered_lines": 9, "num_statements": 11, "percent_covered": 81.81818181818181, "percent_covered_display": "82", "missing_lines": 2, "excluded_lines": 0, "percent_statements_covered": 81.81818181818181, "percent_statements_covered_display": "82", "num_branches": 0, "num_partial_branches": 0, "covered_branches": 0, "missing_branches": 0, "percent_branches_covered": 100.0, "percent_branches_covered_display": "100"}, "missing_lines": [10, 11], "excluded_lines": [], "executed_branches": [], "missing_branches": [], "functions": {"": {"executed_lines": [1, 3, 4, 5, 6, 8, 9, 13, 14], "summary": {"covered_lines": 9, "num_statements": 11, "percent_covered": 81.81818181818181, "percent_covered_display": "82", "missing_lines": 2, "excluded_lines": 0, "percent_statements_covered": 81.81818181818181, "percent_statements_covered_display": "82", "num_branches": 0, "num_partial_branches": 0, "covered_branches": 0, "missing_branches": 0, "percent_branches_covered": 100.0, "percent_branches_covered_display": "100"}, "missing_lines": [10, 11], "excluded_lines": [], "start_line": 1, "executed_branches": [], "missing_branches": []}}, "classes": {"": {"executed_lines": [1, 3, 4, 5, 6, 8, 9, 13, 14], "summary": {"covered_lines": 9, "num_statements": 11, "percent_covered": 81.81818181818181, "percent_covered_display": "82", "missing_lines": 2, "excluded_lines": 0, "percent_statements_covered": 81.81818181818181, "percent_statements_covered_display": "82", "num_branches": 0, "num_partial_branches": 0, "covered_branches": 0, "missing_branches": 0, "percent_branches_covered": 100.0, "percent_branches_covered_display": "100"}, "missing_lines": [10, 11], "excluded_lines": [], "start_line": 1, "executed_branches": [], "missing_branches": []}}}, "qwen3_embed/common/__init__.py": {"executed_lines": [], "summary": {"covered_lines": 0, "num_statements": 0, "percent_covered": 100.0, "percent_covered_display": "100", "missing_lines": 0, "excluded_lines": 0, "percent_statements_covered": 100.0, "percent_statements_covered_display": "100", "num_branches": 0, "num_partial_branches": 0, "covered_branches": 0, "missing_branches": 0, "percent_branches_covered": 100.0, "percent_branches_covered_display": "100"}, "missing_lines": [], "excluded_lines": [], "executed_branches": [], "missing_branches": [], "functions": {"": {"executed_lines": [], "summary": {"covered_lines": 0, "num_statements": 0, "percent_covered": 100.0, "percent_covered_display": "100", "missing_lines": 0, "excluded_lines": 0, "percent_statements_covered": 100.0, "percent_statements_covered_display": "100", "num_branches": 0, "num_partial_branches": 0, "covered_branches": 0, "missing_branches": 0, "percent_branches_covered": 100.0, "percent_branches_covered_display": "100"}, "missing_lines": [], "excluded_lines": [], "start_line": 1, "executed_branches": [], "missing_branches": []}}, "classes": {"": {"executed_lines": [], "summary": {"covered_lines": 0, "num_statements": 0, "percent_covered": 100.0, "percent_covered_display": "100", "missing_lines": 0, "excluded_lines": 0, "percent_statements_covered": 100.0, "percent_statements_covered_display": "100", "num_branches": 0, "num_partial_branches": 0, "covered_branches": 0, "missing_branches": 0, "percent_branches_covered": 100.0, "percent_branches_covered_display": "100"}, "missing_lines": [], "excluded_lines": [], "start_line": 1, "executed_branches": [], "missing_branches": []}}}, "qwen3_embed/common/custom_model.py": {"executed_lines": [8, 10, 18, 19, 40, 41, 42, 43, 44, 45, 46, 47, 48, 50, 71, 72, 96, 97, 98, 99, 100, 101, 102, 103, 105], "summary": {"covered_lines": 25, "num_statements": 33, "percent_covered": 71.42857142857143, "percent_covered_display": "71", "missing_lines": 8, "excluded_lines": 0, "percent_statements_covered": 75.75757575757575, "percent_statements_covered_display": "76", "num_branches": 2, "num_partial_branches": 0, "covered_branches": 0, "missing_branches": 2, "percent_branches_covered": 0.0, "percent_branches_covered_display": "0"}, "missing_lines": [52, 54, 55, 57, 64, 107, 109, 118], "excluded_lines": [], "executed_branches": [], "missing_branches": [[54, 55], [54, 57]], "functions": {"CustomModelSpec.register": {"executed_lines": [], "summary": {"covered_lines": 0, "num_statements": 5, "percent_covered": 0.0, "percent_covered_display": "0", "missing_lines": 5, "excluded_lines": 0, "percent_statements_covered": 0.0, "percent_statements_covered_display": "0", "num_branches": 2, "num_partial_branches": 0, "covered_branches": 0, "missing_branches": 2, "percent_branches_covered": 0.0, "percent_branches_covered_display": "0"}, "missing_lines": [52, 54, 55, 57, 64], "excluded_lines": [], "start_line": 50, "executed_branches": [], "missing_branches": [[54, 55], [54, 57]]}, "CustomRerankerSpec.register": {"executed_lines": [], "summary": {"covered_lines": 0, "num_statements": 3, "percent_covered": 0.0, "percent_covered_display": "0", "missing_lines": 3, "excluded_lines": 0, "percent_statements_covered": 0.0, "percent_statements_covered_display": "0", "num_branches": 0, "num_partial_branches": 0, "covered_branches": 0, "missing_branches": 0, "percent_branches_covered": 100.0, "percent_branches_covered_display": "100"}, "missing_lines": [107, 109, 118], "excluded_lines": [], "start_line": 105, "executed_branches": [], "missing_branches": []}, "": {"executed_lines": [8, 10, 18, 19, 40, 41, 42, 43, 44, 45, 46, 47, 48, 50, 71, 72, 96, 97, 98, 99, 100, 101, 102, 103, 105], "summary": {"covered_lines": 25, "num_statements": 25, "percent_covered": 100.0, "percent_covered_display": "100", "missing_lines": 0, "excluded_lines": 0, "percent_statements_covered": 100.0, "percent_statements_covered_display": "100", "num_branches": 0, "num_partial_branches": 0, "covered_branches": 0, "missing_branches": 0, "percent_branches_covered": 100.0, "percent_branches_covered_display": "100"}, "missing_lines": [], "excluded_lines": [], "start_line": 1, "executed_branches": [], "missing_branches": []}}, "classes": {"CustomModelSpec": {"executed_lines": [], "summary": {"covered_lines": 0, "num_statements": 5, "percent_covered": 0.0, "percent_covered_display": "0", "missing_lines": 5, "excluded_lines": 0, "percent_statements_covered": 0.0, "percent_statements_covered_display": "0", "num_branches": 2, "num_partial_branches": 0, "covered_branches": 0, "missing_branches": 2, "percent_branches_covered": 0.0, "percent_branches_covered_display": "0"}, "missing_lines": [52, 54, 55, 57, 64], "excluded_lines": [], "start_line": 19, "executed_branches": [], "missing_branches": [[54, 55], [54, 57]]}, "CustomRerankerSpec": {"executed_lines": [], "summary": {"covered_lines": 0, "num_statements": 3, "percent_covered": 0.0, "percent_covered_display": "0", "missing_lines": 3, "excluded_lines": 0, "percent_statements_covered": 0.0, "percent_statements_covered_display": "0", "num_branches": 0, "num_partial_branches": 0, "covered_branches": 0, "missing_branches": 0, "percent_branches_covered": 100.0, "percent_branches_covered_display": "100"}, "missing_lines": [107, 109, 118], "excluded_lines": [], "start_line": 72, "executed_branches": [], "missing_branches": []}, "": {"executed_lines": [8, 10, 18, 19, 40, 41, 42, 43, 44, 45, 46, 47, 48, 50, 71, 72, 96, 97, 98, 99, 100, 101, 102, 103, 105], "summary": {"covered_lines": 25, "num_statements": 25, "percent_covered": 100.0, "percent_covered_display": "100", "missing_lines": 0, "excluded_lines": 0, "percent_statements_covered": 100.0, "percent_statements_covered_display": "100", "num_branches": 0, "num_partial_branches": 0, "covered_branches": 0, "missing_branches": 0, "percent_branches_covered": 100.0, "percent_branches_covered_display": "100"}, "missing_lines": [], "excluded_lines": [], "start_line": 1, "executed_branches": [], "missing_branches": []}}}, "qwen3_embed/common/model_description.py": {"executed_lines": [1, 2, 3, 6, 7, 8, 9, 10, 12, 13, 14, 16, 17, 23, 24, 25, 26, 27, 28, 29, 30, 31, 34, 35, 36, 37, 39, 40, 44, 45, 46, 47, 50, 51, 52, 53, 54, 57, 58, 59, 60], "summary": {"covered_lines": 41, "num_statements": 43, "percent_covered": 91.48936170212765, "percent_covered_display": "91", "missing_lines": 2, "excluded_lines": 0, "percent_statements_covered": 95.34883720930233, "percent_statements_covered_display": "95", "num_branches": 4, "num_partial_branches": 2, "covered_branches": 2, "missing_branches": 2, "percent_branches_covered": 50.0, "percent_branches_covered_display": "50"}, "missing_lines": [18, 41], "excluded_lines": [], "executed_branches": [[17, -16], [40, -39]], "missing_branches": [[17, 18], [40, 41]], "functions": {"ModelSource.deprecated_tar_struct": {"executed_lines": [14], "summary": {"covered_lines": 1, "num_statements": 1, "percent_covered": 100.0, "percent_covered_display": "100", "missing_lines": 0, "excluded_lines": 0, "percent_statements_covered": 100.0, "percent_statements_covered_display": "100", "num_branches": 0, "num_partial_branches": 0, "covered_branches": 0, "missing_branches": 0, "percent_branches_covered": 100.0, "percent_branches_covered_display": "100"}, "missing_lines": [], "excluded_lines": [], "start_line": 13, "executed_branches": [], "missing_branches": []}, "ModelSource.__post_init__": {"executed_lines": [17], "summary": {"covered_lines": 1, "num_statements": 2, "percent_covered": 50.0, "percent_covered_display": "50", "missing_lines": 1, "excluded_lines": 0, "percent_statements_covered": 50.0, "percent_statements_covered_display": "50", "num_branches": 2, "num_partial_branches": 1, "covered_branches": 1, "missing_branches": 1, "percent_branches_covered": 50.0, "percent_branches_covered_display": "50"}, "missing_lines": [18], "excluded_lines": [], "start_line": 16, "executed_branches": [[17, -16]], "missing_branches": [[17, 18]]}, "DenseModelDescription.__post_init__": {"executed_lines": [40], "summary": {"covered_lines": 1, "num_statements": 2, "percent_covered": 50.0, "percent_covered_display": "50", "missing_lines": 1, "excluded_lines": 0, "percent_statements_covered": 50.0, "percent_statements_covered_display": "50", "num_branches": 2, "num_partial_branches": 1, "covered_branches": 1, "missing_branches": 1, "percent_branches_covered": 50.0, "percent_branches_covered_display": "50"}, "missing_lines": [41], "excluded_lines": [], "start_line": 39, "executed_branches": [[40, -39]], "missing_branches": [[40, 41]]}, "": {"executed_lines": [1, 2, 3, 6, 7, 8, 9, 10, 12, 13, 16, 23, 24, 25, 26, 27, 28, 29, 30, 31, 34, 35, 36, 37, 39, 44, 45, 46, 47, 50, 51, 52, 53, 54, 57, 58, 59, 60], "summary": {"covered_lines": 38, "num_statements": 38, "percent_covered": 100.0, "percent_covered_display": "100", "missing_lines": 0, "excluded_lines": 0, "percent_statements_covered": 100.0, "percent_statements_covered_display": "100", "num_branches": 0, "num_partial_branches": 0, "covered_branches": 0, "missing_branches": 0, "percent_branches_covered": 100.0, "percent_branches_covered_display": "100"}, "missing_lines": [], "excluded_lines": [], "start_line": 1, "executed_branches": [], "missing_branches": []}}, "classes": {"ModelSource": {"executed_lines": [14, 17], "summary": {"covered_lines": 2, "num_statements": 3, "percent_covered": 60.0, "percent_covered_display": "60", "missing_lines": 1, "excluded_lines": 0, "percent_statements_covered": 66.66666666666667, "percent_statements_covered_display": "67", "num_branches": 2, "num_partial_branches": 1, "covered_branches": 1, "missing_branches": 1, "percent_branches_covered": 50.0, "percent_branches_covered_display": "50"}, "missing_lines": [18], "excluded_lines": [], "start_line": 7, "executed_branches": [[17, -16]], "missing_branches": [[17, 18]]}, "BaseModelDescription": {"executed_lines": [], "summary": {"covered_lines": 0, "num_statements": 0, "percent_covered": 100.0, "percent_covered_display": "100", "missing_lines": 0, "excluded_lines": 0, "percent_statements_covered": 100.0, "percent_statements_covered_display": "100", "num_branches": 0, "num_partial_branches": 0, "covered_branches": 0, "missing_branches": 0, "percent_branches_covered": 100.0, "percent_branches_covered_display": "100"}, "missing_lines": [], "excluded_lines": [], "start_line": 24, "executed_branches": [], "missing_branches": []}, "DenseModelDescription": {"executed_lines": [40], "summary": {"covered_lines": 1, "num_statements": 2, "percent_covered": 50.0, "percent_covered_display": "50", "missing_lines": 1, "excluded_lines": 0, "percent_statements_covered": 50.0, "percent_statements_covered_display": "50", "num_branches": 2, "num_partial_branches": 1, "covered_branches": 1, "missing_branches": 1, "percent_branches_covered": 50.0, "percent_branches_covered_display": "50"}, "missing_lines": [41], "excluded_lines": [], "start_line": 35, "executed_branches": [[40, -39]], "missing_branches": [[40, 41]]}, "SparseModelDescription": {"executed_lines": [], "summary": {"covered_lines": 0, "num_statements": 0, "percent_covered": 100.0, "percent_covered_display": "100", "missing_lines": 0, "excluded_lines": 0, "percent_statements_covered": 100.0, "percent_statements_covered_display": "100", "num_branches": 0, "num_partial_branches": 0, "covered_branches": 0, "missing_branches": 0, "percent_branches_covered": 100.0, "percent_branches_covered_display": "100"}, "missing_lines": [], "excluded_lines": [], "start_line": 45, "executed_branches": [], "missing_branches": []}, "PoolingType": {"executed_lines": [], "summary": {"covered_lines": 0, "num_statements": 0, "percent_covered": 100.0, "percent_covered_display": "100", "missing_lines": 0, "excluded_lines": 0, "percent_statements_covered": 100.0, "percent_statements_covered_display": "100", "num_branches": 0, "num_partial_branches": 0, "covered_branches": 0, "missing_branches": 0, "percent_branches_covered": 100.0, "percent_branches_covered_display": "100"}, "missing_lines": [], "excluded_lines": [], "start_line": 50, "executed_branches": [], "missing_branches": []}, "CustomDenseModelDescription": {"executed_lines": [], "summary": {"covered_lines": 0, "num_statements": 0, "percent_covered": 100.0, "percent_covered_display": "100", "missing_lines": 0, "excluded_lines": 0, "percent_statements_covered": 100.0, "percent_statements_covered_display": "100", "num_branches": 0, "num_partial_branches": 0, "covered_branches": 0, "missing_branches": 0, "percent_branches_covered": 100.0, "percent_branches_covered_display": "100"}, "missing_lines": [], "excluded_lines": [], "start_line": 58, "executed_branches": [], "missing_branches": []}, "": {"executed_lines": [1, 2, 3, 6, 7, 8, 9, 10, 12, 13, 16, 23, 24, 25, 26, 27, 28, 29, 30, 31, 34, 35, 36, 37, 39, 44, 45, 46, 47, 50, 51, 52, 53, 54, 57, 58, 59, 60], "summary": {"covered_lines": 38, "num_statements": 38, "percent_covered": 100.0, "percent_covered_display": "100", "missing_lines": 0, "excluded_lines": 0, "percent_statements_covered": 100.0, "percent_statements_covered_display": "100", "num_branches": 0, "num_partial_branches": 0, "covered_branches": 0, "missing_branches": 0, "percent_branches_covered": 100.0, "percent_branches_covered_display": "100"}, "missing_lines": [], "excluded_lines": [], "start_line": 1, "executed_branches": [], "missing_branches": []}}}, "qwen3_embed/common/model_management.py": {"executed_lines": [1, 2, 3, 4, 5, 6, 7, 8, 9, 10, 11, 12, 13, 14, 16, 17, 18, 19, 24, 25, 27, 29, 32, 33, 34, 35, 37, 38, 50, 51, 57, 59, 60, 82, 84, 85, 86, 88, 89, 94, 95, 96, 97, 99, 100, 101, 103, 104, 112, 113, 126, 128, 129, 130, 131, 133, 135, 136, 137, 138, 139, 140, 141, 142, 143, 144, 145, 146, 147, 149, 150, 153, 154, 157, 158, 168, 169, 170, 171, 172, 173, 174, 176, 177, 190, 191, 192, 195, 196, 198, 202, 203, 208, 209, 213, 215, 217, 218, 219, 221, 222, 223, 227, 232, 233, 236, 238, 239, 240, 242, 244, 245, 248, 250, 251, 252, 254, 257, 258, 259, 267, 268, 269, 270, 271, 272, 274, 275, 278, 279, 280, 281, 282, 283, 284, 288, 290, 291, 292, 293, 294, 295, 296, 297, 298, 300, 301, 302, 303, 304, 305, 307, 308, 317, 319, 320, 328, 329, 330, 331, 332, 333, 334, 335, 337, 338, 341, 342, 343, 344, 345, 346, 347, 349, 350, 351, 352, 355, 356, 360, 362, 363, 385, 392, 394, 395, 397, 398, 399, 408, 409, 410, 411, 412, 420, 421, 423, 424, 426, 435, 436, 438, 440, 441, 451, 452, 453, 455, 456, 460, 461, 474, 477, 478, 480, 481, 483, 484, 485, 489, 490, 491, 494, 496, 501, 503, 504, 508, 509, 521, 522, 525, 526, 528, 530, 532, 534, 535, 536, 537, 538, 539, 540, 541, 544, 546, 547, 551, 559, 561, 562, 563, 565, 567, 568, 576, 577, 578, 579, 583, 584, 586, 587, 589, 591, 592, 593, 595, 597, 600, 601, 606, 607, 608, 610, 612, 614, 617, 621, 623, 624, 632, 633, 634, 635, 644, 645, 646, 647, 649, 650, 652, 653, 656, 657, 658, 666, 667, 668, 673, 674, 676, 677, 683, 684, 685, 686, 693, 694, 695, 696, 698, 699, 709, 710, 711, 717, 718, 720, 721, 726, 727, 729, 731, 732, 743, 744, 745, 746, 748, 756, 757, 759, 760, 761, 763, 766, 767, 769, 771, 772, 797, 798, 799, 800, 802, 803, 804, 806, 807, 809, 810, 817, 818, 820, 830, 831, 833], "summary": {"covered_lines": 358, "num_statements": 384, "percent_covered": 91.72932330827068, "percent_covered_display": "92", "missing_lines": 26, "excluded_lines": 0, "percent_statements_covered": 93.22916666666667, "percent_statements_covered_display": "93", "num_branches": 148, "num_partial_branches": 8, "covered_branches": 130, "missing_branches": 18, "percent_branches_covered": 87.83783783783784, "percent_branches_covered_display": "88"}, "missing_lines": [41, 42, 43, 44, 46, 47, 48, 91, 92, 105, 106, 107, 228, 229, 255, 264, 454, 457, 458, 553, 554, 555, 556, 557, 558, 598], "excluded_lines": [], "executed_branches": [[97, 99], [97, 101], [130, 131], [130, 133], [139, 140], [139, 147], [141, 142], [141, 147], [143, 144], [143, 145], [145, 141], [145, 146], [168, 169], [168, 174], [169, 168], [169, 170], [191, 192], [191, 195], [195, 196], [195, 198], [202, 203], [202, 208], [208, 209], [208, 213], [218, 219], [218, 221], [227, 232], [232, 233], [232, 236], [238, 239], [238, 242], [251, 252], [251, 269], [254, 257], [257, 258], [257, 267], [259, 251], [267, 251], [267, 268], [280, 281], [280, 288], [281, 280], [281, 282], [283, 280], [283, 284], [293, 294], [293, 295], [303, 304], [303, 305], [329, 330], [329, 331], [332, 333], [332, 334], [341, 342], [341, 347], [355, 356], [355, 360], [397, 398], [397, 420], [408, 409], [408, 412], [410, 411], [410, 412], [423, 424], [423, 426], [435, 436], [435, 438], [453, 455], [477, 478], [477, 480], [480, 481], [480, 483], [484, 485], [484, 489], [489, -460], [489, 490], [490, 491], [490, 494], [494, 496], [494, 501], [503, -460], [503, 504], [521, 522], [521, 525], [525, 526], [525, 528], [537, -534], [537, 538], [540, 541], [540, 544], [546, 547], [546, 551], [551, 565], [583, 584], [583, 586], [586, 587], [586, 589], [591, 592], [597, 600], [600, 601], [600, 614], [607, 608], [607, 610], [644, 645], [644, 649], [667, 668], [667, 673], [694, 695], [694, 696], [710, 711], [710, 720], [717, 718], [717, 720], [720, 721], [726, 727], [726, 729], [745, 746], [745, 769], [756, 757], [756, 759], [759, 760], [759, 763], [799, 800], [799, 802], [809, 810], [809, 820], [817, 818], [817, 820], [830, 831], [830, 833]], "missing_branches": [[41, 42], [41, 48], [43, 44], [43, 48], [91, -88], [91, 92], [106, -103], [106, 107], [227, 228], [228, 229], [228, 236], [254, 255], [259, 264], [453, 454], [551, 553], [591, 595], [597, 598], [720, 729]], "functions": {"ModelManagement._get_session": {"executed_lines": [], "summary": {"covered_lines": 0, "num_statements": 7, "percent_covered": 0.0, "percent_covered_display": "0", "missing_lines": 7, "excluded_lines": 0, "percent_statements_covered": 0.0, "percent_statements_covered_display": "0", "num_branches": 4, "num_partial_branches": 0, "covered_branches": 0, "missing_branches": 4, "percent_branches_covered": 0.0, "percent_branches_covered_display": "0"}, "missing_lines": [41, 42, 43, 44, 46, 47, 48], "excluded_lines": [], "start_line": 38, "executed_branches": [], "missing_branches": [[41, 42], [41, 48], [43, 44], [43, 48]]}, "ModelManagement.list_supported_models": {"executed_lines": [57], "summary": {"covered_lines": 1, "num_statements": 1, "percent_covered": 100.0, "percent_covered_display": "100", "missing_lines": 0, "excluded_lines": 0, "percent_statements_covered": 100.0, "percent_statements_covered_display": "100", "num_branches": 0, "num_partial_branches": 0, "covered_branches": 0, "missing_branches": 0, "percent_branches_covered": 100.0, "percent_branches_covered_display": "100"}, "missing_lines": [], "excluded_lines": [], "start_line": 51, "executed_branches": [], "missing_branches": []}, "ModelManagement.add_custom_model": {"executed_lines": [82], "summary": {"covered_lines": 1, "num_statements": 1, "percent_covered": 100.0, "percent_covered_display": "100", "missing_lines": 0, "excluded_lines": 0, "percent_statements_covered": 100.0, "percent_statements_covered_display": "100", "num_branches": 0, "num_partial_branches": 0, "covered_branches": 0, "missing_branches": 0, "percent_branches_covered": 100.0, "percent_branches_covered_display": "100"}, "missing_lines": [], "excluded_lines": [], "start_line": 60, "executed_branches": [], "missing_branches": []}, "ModelManagement._list_supported_models": {"executed_lines": [86], "summary": {"covered_lines": 1, "num_statements": 1, "percent_covered": 100.0, "percent_covered_display": "100", "missing_lines": 0, "excluded_lines": 0, "percent_statements_covered": 100.0, "percent_statements_covered_display": "100", "num_branches": 0, "num_partial_branches": 0, "covered_branches": 0, "missing_branches": 0, "percent_branches_covered": 100.0, "percent_branches_covered_display": "100"}, "missing_lines": [], "excluded_lines": [], "start_line": 85, "executed_branches": [], "missing_branches": []}, "ModelManagement._clear_model_cache": {"executed_lines": [], "summary": {"covered_lines": 0, "num_statements": 2, "percent_covered": 0.0, "percent_covered_display": "0", "missing_lines": 2, "excluded_lines": 0, "percent_statements_covered": 0.0, "percent_statements_covered_display": "0", "num_branches": 2, "num_partial_branches": 0, "covered_branches": 0, "missing_branches": 2, "percent_branches_covered": 0.0, "percent_branches_covered_display": "0"}, "missing_lines": [91, 92], "excluded_lines": [], "start_line": 89, "executed_branches": [], "missing_branches": [[91, -88], [91, 92]]}, "ModelManagement._ensure_model_cache": {"executed_lines": [96, 97, 99, 100, 101], "summary": {"covered_lines": 5, "num_statements": 5, "percent_covered": 100.0, "percent_covered_display": "100", "missing_lines": 0, "excluded_lines": 0, "percent_statements_covered": 100.0, "percent_statements_covered_display": "100", "num_branches": 2, "num_partial_branches": 0, "covered_branches": 2, "missing_branches": 0, "percent_branches_covered": 100.0, "percent_branches_covered_display": "100"}, "missing_lines": [], "excluded_lines": [], "start_line": 95, "executed_branches": [[97, 99], [97, 101]], "missing_branches": []}, "ModelManagement._check_model_exists": {"executed_lines": [], "summary": {"covered_lines": 0, "num_statements": 3, "percent_covered": 0.0, "percent_covered_display": "0", "missing_lines": 3, "excluded_lines": 0, "percent_statements_covered": 0.0, "percent_statements_covered_display": "0", "num_branches": 2, "num_partial_branches": 0, "covered_branches": 0, "missing_branches": 2, "percent_branches_covered": 0.0, "percent_branches_covered_display": "0"}, "missing_lines": [105, 106, 107], "excluded_lines": [], "start_line": 104, "executed_branches": [], "missing_branches": [[106, -103], [106, 107]]}, "ModelManagement._get_model_description": {"executed_lines": [126, 128, 129, 130, 131, 133], "summary": {"covered_lines": 6, "num_statements": 6, "percent_covered": 100.0, "percent_covered_display": "100", "missing_lines": 0, "excluded_lines": 0, "percent_statements_covered": 100.0, "percent_statements_covered_display": "100", "num_branches": 2, "num_partial_branches": 0, "covered_branches": 2, "missing_branches": 0, "percent_branches_covered": 100.0, "percent_branches_covered_display": "100"}, "missing_lines": [], "excluded_lines": [], "start_line": 113, "executed_branches": [[130, 131], [130, 133]], "missing_branches": []}, "ModelManagement._get_expected_hashes": {"executed_lines": [137, 138, 139, 140, 141, 142, 143, 144, 145, 146, 147], "summary": {"covered_lines": 11, "num_statements": 11, "percent_covered": 100.0, "percent_covered_display": "100", "missing_lines": 0, "excluded_lines": 0, "percent_statements_covered": 100.0, "percent_statements_covered_display": "100", "num_branches": 8, "num_partial_branches": 0, "covered_branches": 8, "missing_branches": 0, "percent_branches_covered": 100.0, "percent_branches_covered_display": "100"}, "missing_lines": [], "excluded_lines": [], "start_line": 136, "executed_branches": [[139, 140], [139, 147], [141, 142], [141, 147], [143, 144], [143, 145], [145, 141], [145, 146]], "missing_branches": []}, "ModelManagement._download_and_hash_file": {"executed_lines": [153, 154, 157, 158, 168, 169, 170, 171, 172, 173, 174], "summary": {"covered_lines": 11, "num_statements": 11, "percent_covered": 100.0, "percent_covered_display": "100", "missing_lines": 0, "excluded_lines": 0, "percent_statements_covered": 100.0, "percent_statements_covered_display": "100", "num_branches": 4, "num_partial_branches": 0, "covered_branches": 4, "missing_branches": 0, "percent_branches_covered": 100.0, "percent_branches_covered_display": "100"}, "missing_lines": [], "excluded_lines": [], "start_line": 150, "executed_branches": [[168, 169], [168, 174], [169, 168], [169, 170]], "missing_branches": []}, "ModelManagement.download_file_from_gcs": {"executed_lines": [190, 191, 192, 195, 196, 198, 202, 203, 208, 209, 213, 215, 217, 218, 219, 221, 222, 223, 227, 232, 233, 236, 238, 239, 240, 242], "summary": {"covered_lines": 26, "num_statements": 28, "percent_covered": 89.1304347826087, "percent_covered_display": "89", "missing_lines": 2, "excluded_lines": 0, "percent_statements_covered": 92.85714285714286, "percent_statements_covered_display": "93", "num_branches": 18, "num_partial_branches": 1, "covered_branches": 15, "missing_branches": 3, "percent_branches_covered": 83.33333333333333, "percent_branches_covered_display": "83"}, "missing_lines": [228, 229], "excluded_lines": [], "start_line": 177, "executed_branches": [[191, 192], [191, 195], [195, 196], [195, 198], [202, 203], [202, 208], [208, 209], [208, 213], [218, 219], [218, 221], [227, 232], [232, 233], [232, 236], [238, 239], [238, 242]], "missing_branches": [[227, 228], [228, 229], [228, 236]]}, "ModelManagement._verify_files_from_metadata": {"executed_lines": [248, 250, 251, 252, 254, 257, 258, 259, 267, 268, 269, 270, 271, 272], "summary": {"covered_lines": 14, "num_statements": 16, "percent_covered": 84.61538461538461, "percent_covered_display": "85", "missing_lines": 2, "excluded_lines": 0, "percent_statements_covered": 87.5, "percent_statements_covered_display": "88", "num_branches": 10, "num_partial_branches": 2, "covered_branches": 8, "missing_branches": 2, "percent_branches_covered": 80.0, "percent_branches_covered_display": "80"}, "missing_lines": [255, 264], "excluded_lines": [], "start_line": 245, "executed_branches": [[251, 252], [251, 269], [254, 257], [257, 258], [257, 267], [259, 251], [267, 251], [267, 268]], "missing_branches": [[254, 255], [259, 264]]}, "ModelManagement._collect_file_metadata": {"executed_lines": [278, 279, 280, 281, 282, 283, 284, 288], "summary": {"covered_lines": 8, "num_statements": 8, "percent_covered": 100.0, "percent_covered_display": "100", "missing_lines": 0, "excluded_lines": 0, "percent_statements_covered": 100.0, "percent_statements_covered_display": "100", "num_branches": 6, "num_partial_branches": 0, "covered_branches": 6, "missing_branches": 0, "percent_branches_covered": 100.0, "percent_branches_covered_display": "100"}, "missing_lines": [], "excluded_lines": [], "start_line": 275, "executed_branches": [[280, 281], [280, 288], [281, 280], [281, 282], [283, 280], [283, 284]], "missing_branches": []}, "ModelManagement._save_file_metadata": {"executed_lines": [292, 293, 294, 295, 296, 297, 298], "summary": {"covered_lines": 7, "num_statements": 7, "percent_covered": 100.0, "percent_covered_display": "100", "missing_lines": 0, "excluded_lines": 0, "percent_statements_covered": 100.0, "percent_statements_covered_display": "100", "num_branches": 2, "num_partial_branches": 0, "covered_branches": 2, "missing_branches": 0, "percent_branches_covered": 100.0, "percent_branches_covered_display": "100"}, "missing_lines": [], "excluded_lines": [], "start_line": 291, "executed_branches": [[293, 294], [293, 295]], "missing_branches": []}, "ModelManagement._fetch_repo_files": {"executed_lines": [302, 303, 304, 305, 307, 308, 317], "summary": {"covered_lines": 7, "num_statements": 7, "percent_covered": 100.0, "percent_covered_display": "100", "missing_lines": 0, "excluded_lines": 0, "percent_statements_covered": 100.0, "percent_statements_covered_display": "100", "num_branches": 2, "num_partial_branches": 0, "covered_branches": 2, "missing_branches": 0, "percent_branches_covered": 100.0, "percent_branches_covered_display": "100"}, "missing_lines": [], "excluded_lines": [], "start_line": 301, "executed_branches": [[303, 304], [303, 305]], "missing_branches": []}, "ModelManagement._resolve_cached_revision": {"executed_lines": [328, 329, 330, 331, 332, 333, 334, 335], "summary": {"covered_lines": 8, "num_statements": 8, "percent_covered": 100.0, "percent_covered_display": "100", "missing_lines": 0, "excluded_lines": 0, "percent_statements_covered": 100.0, "percent_statements_covered_display": "100", "num_branches": 4, "num_partial_branches": 0, "covered_branches": 4, "missing_branches": 0, "percent_branches_covered": 100.0, "percent_branches_covered_display": "100"}, "missing_lines": [], "excluded_lines": [], "start_line": 320, "executed_branches": [[329, 330], [329, 331], [332, 333], [332, 334]], "missing_branches": []}, "ModelManagement._verify_local_metadata": {"executed_lines": [341, 342, 343, 344, 345, 346, 347], "summary": {"covered_lines": 7, "num_statements": 7, "percent_covered": 100.0, "percent_covered_display": "100", "missing_lines": 0, "excluded_lines": 0, "percent_statements_covered": 100.0, "percent_statements_covered_display": "100", "num_branches": 2, "num_partial_branches": 0, "covered_branches": 2, "missing_branches": 0, "percent_branches_covered": 100.0, "percent_branches_covered_display": "100"}, "missing_lines": [], "excluded_lines": [], "start_line": 338, "executed_branches": [[341, 342], [341, 347]], "missing_branches": []}, "ModelManagement._finalize_hf_download": {"executed_lines": [351, 352, 355, 356, 360], "summary": {"covered_lines": 5, "num_statements": 5, "percent_covered": 100.0, "percent_covered_display": "100", "missing_lines": 0, "excluded_lines": 0, "percent_statements_covered": 100.0, "percent_statements_covered_display": "100", "num_branches": 2, "num_partial_branches": 0, "covered_branches": 2, "missing_branches": 0, "percent_branches_covered": 100.0, "percent_branches_covered_display": "100"}, "missing_lines": [], "excluded_lines": [], "start_line": 350, "executed_branches": [[355, 356], [355, 360]], "missing_branches": []}, "ModelManagement.download_files_from_huggingface": {"executed_lines": [385, 392, 394, 395, 397, 398, 399, 408, 409, 410, 411, 412, 420, 421, 423, 424, 426, 435, 436, 438], "summary": {"covered_lines": 20, "num_statements": 20, "percent_covered": 100.0, "percent_covered_display": "100", "missing_lines": 0, "excluded_lines": 0, "percent_statements_covered": 100.0, "percent_statements_covered_display": "100", "num_branches": 10, "num_partial_branches": 0, "covered_branches": 10, "missing_branches": 0, "percent_branches_covered": 100.0, "percent_branches_covered_display": "100"}, "missing_lines": [], "excluded_lines": [], "start_line": 363, "executed_branches": [[397, 398], [397, 420], [408, 409], [408, 412], [410, 411], [410, 412], [423, 424], [423, 426], [435, 436], [435, 438]], "missing_branches": []}, "ModelManagement._is_within_dir": {"executed_lines": [451, 452, 453, 455, 456], "summary": {"covered_lines": 5, "num_statements": 8, "percent_covered": 60.0, "percent_covered_display": "60", "missing_lines": 3, "excluded_lines": 0, "percent_statements_covered": 62.5, "percent_statements_covered_display": "62", "num_branches": 2, "num_partial_branches": 1, "covered_branches": 1, "missing_branches": 1, "percent_branches_covered": 50.0, "percent_branches_covered_display": "50"}, "missing_lines": [454, 457, 458], "excluded_lines": [], "start_line": 441, "executed_branches": [[453, 455]], "missing_branches": [[453, 454]]}, "ModelManagement._validate_tar_member": {"executed_lines": [474, 477, 478, 480, 481, 483, 484, 485, 489, 490, 491, 494, 496, 501, 503, 504], "summary": {"covered_lines": 16, "num_statements": 16, "percent_covered": 100.0, "percent_covered_display": "100", "missing_lines": 0, "excluded_lines": 0, "percent_statements_covered": 100.0, "percent_statements_covered_display": "100", "num_branches": 14, "num_partial_branches": 0, "covered_branches": 14, "missing_branches": 0, "percent_branches_covered": 100.0, "percent_branches_covered_display": "100"}, "missing_lines": [], "excluded_lines": [], "start_line": 461, "executed_branches": [[477, 478], [477, 480], [480, 481], [480, 483], [484, 485], [484, 489], [489, -460], [489, 490], [490, 491], [490, 494], [494, 496], [494, 501], [503, -460], [503, 504]], "missing_branches": []}, "ModelManagement.decompress_to_cache": {"executed_lines": [521, 522, 525, 526, 528, 530, 532, 534, 546, 547, 551, 559, 561, 562, 563, 565], "summary": {"covered_lines": 16, "num_statements": 22, "percent_covered": 76.66666666666667, "percent_covered_display": "77", "missing_lines": 6, "excluded_lines": 0, "percent_statements_covered": 72.72727272727273, "percent_statements_covered_display": "73", "num_branches": 8, "num_partial_branches": 1, "covered_branches": 7, "missing_branches": 1, "percent_branches_covered": 87.5, "percent_branches_covered_display": "88"}, "missing_lines": [553, 554, 555, 556, 557, 558], "excluded_lines": [], "start_line": 509, "executed_branches": [[521, 522], [521, 525], [525, 526], [525, 528], [546, 547], [546, 551], [551, 565]], "missing_branches": [[551, 553]]}, "ModelManagement.decompress_to_cache.validate_and_yield_members": {"executed_lines": [535, 536, 537, 538, 539, 540, 541, 544], "summary": {"covered_lines": 8, "num_statements": 8, "percent_covered": 100.0, "percent_covered_display": "100", "missing_lines": 0, "excluded_lines": 0, "percent_statements_covered": 100.0, "percent_statements_covered_display": "100", "num_branches": 4, "num_partial_branches": 0, "covered_branches": 4, "missing_branches": 0, "percent_branches_covered": 100.0, "percent_branches_covered_display": "100"}, "missing_lines": [], "excluded_lines": [], "start_line": 534, "executed_branches": [[537, -534], [537, 538], [540, 541], [540, 544]], "missing_branches": []}, "ModelManagement.retrieve_model_gcs": {"executed_lines": [576, 577, 578, 579, 583, 584, 586, 587, 589, 591, 592, 593, 595, 597, 600, 601, 606, 607, 608, 610, 612, 614, 617, 621], "summary": {"covered_lines": 24, "num_statements": 25, "percent_covered": 91.89189189189189, "percent_covered_display": "92", "missing_lines": 1, "excluded_lines": 0, "percent_statements_covered": 96.0, "percent_statements_covered_display": "96", "num_branches": 12, "num_partial_branches": 2, "covered_branches": 10, "missing_branches": 2, "percent_branches_covered": 83.33333333333333, "percent_branches_covered_display": "83"}, "missing_lines": [598], "excluded_lines": [], "start_line": 568, "executed_branches": [[583, 584], [583, 586], [586, 587], [586, 589], [591, 592], [597, 600], [600, 601], [600, 614], [607, 608], [607, 610]], "missing_branches": [[591, 595], [597, 598]]}, "ModelManagement._check_hf_cache": {"executed_lines": [632, 633, 634, 635, 644, 645, 646, 647, 649, 650], "summary": {"covered_lines": 10, "num_statements": 10, "percent_covered": 100.0, "percent_covered_display": "100", "missing_lines": 0, "excluded_lines": 0, "percent_statements_covered": 100.0, "percent_statements_covered_display": "100", "num_branches": 2, "num_partial_branches": 0, "covered_branches": 2, "missing_branches": 0, "percent_branches_covered": 100.0, "percent_branches_covered_display": "100"}, "missing_lines": [], "excluded_lines": [], "start_line": 624, "executed_branches": [[644, 645], [644, 649]], "missing_branches": []}, "ModelManagement._download_from_hf": {"executed_lines": [656, 657, 658, 666, 667, 668, 673, 674], "summary": {"covered_lines": 8, "num_statements": 8, "percent_covered": 100.0, "percent_covered_display": "100", "missing_lines": 0, "excluded_lines": 0, "percent_statements_covered": 100.0, "percent_statements_covered_display": "100", "num_branches": 2, "num_partial_branches": 0, "covered_branches": 2, "missing_branches": 0, "percent_branches_covered": 100.0, "percent_branches_covered_display": "100"}, "missing_lines": [], "excluded_lines": [], "start_line": 653, "executed_branches": [[667, 668], [667, 673]], "missing_branches": []}, "ModelManagement._download_from_gcs": {"executed_lines": [683, 684, 685, 686, 693, 694, 695, 696], "summary": {"covered_lines": 8, "num_statements": 8, "percent_covered": 100.0, "percent_covered_display": "100", "missing_lines": 0, "excluded_lines": 0, "percent_statements_covered": 100.0, "percent_statements_covered_display": "100", "num_branches": 2, "num_partial_branches": 0, "covered_branches": 2, "missing_branches": 0, "percent_branches_covered": 100.0, "percent_branches_covered_display": "100"}, "missing_lines": [], "excluded_lines": [], "start_line": 677, "executed_branches": [[694, 695], [694, 696]], "missing_branches": []}, "ModelManagement._attempt_download": {"executed_lines": [709, 710, 711, 717, 718, 720, 721, 726, 727, 729], "summary": {"covered_lines": 10, "num_statements": 10, "percent_covered": 94.44444444444444, "percent_covered_display": "94", "missing_lines": 0, "excluded_lines": 0, "percent_statements_covered": 100.0, "percent_statements_covered_display": "100", "num_branches": 8, "num_partial_branches": 1, "covered_branches": 7, "missing_branches": 1, "percent_branches_covered": 87.5, "percent_branches_covered_display": "88"}, "missing_lines": [], "excluded_lines": [], "start_line": 699, "executed_branches": [[710, 711], [710, 720], [717, 718], [717, 720], [720, 721], [726, 727], [726, 729]], "missing_branches": [[720, 729]]}, "ModelManagement._download_with_retries": {"executed_lines": [743, 744, 745, 746, 748, 756, 757, 759, 760, 761, 763, 766, 767, 769], "summary": {"covered_lines": 14, "num_statements": 14, "percent_covered": 100.0, "percent_covered_display": "100", "missing_lines": 0, "excluded_lines": 0, "percent_statements_covered": 100.0, "percent_statements_covered_display": "100", "num_branches": 6, "num_partial_branches": 0, "covered_branches": 6, "missing_branches": 0, "percent_branches_covered": 100.0, "percent_branches_covered_display": "100"}, "missing_lines": [], "excluded_lines": [], "start_line": 732, "executed_branches": [[745, 746], [745, 769], [756, 757], [756, 759], [759, 760], [759, 763]], "missing_branches": []}, "ModelManagement.download_model": {"executed_lines": [797, 798, 799, 800, 802, 803, 804, 806, 807, 809, 810, 817, 818, 820, 830, 831, 833], "summary": {"covered_lines": 17, "num_statements": 17, "percent_covered": 100.0, "percent_covered_display": "100", "missing_lines": 0, "excluded_lines": 0, "percent_statements_covered": 100.0, "percent_statements_covered_display": "100", "num_branches": 8, "num_partial_branches": 0, "covered_branches": 8, "missing_branches": 0, "percent_branches_covered": 100.0, "percent_branches_covered_display": "100"}, "missing_lines": [], "excluded_lines": [], "start_line": 772, "executed_branches": [[799, 800], [799, 802], [809, 810], [809, 820], [817, 818], [817, 820], [830, 831], [830, 833]], "missing_branches": []}, "": {"executed_lines": [1, 2, 3, 4, 5, 6, 7, 8, 9, 10, 11, 12, 13, 14, 16, 17, 18, 19, 24, 25, 27, 29, 32, 33, 34, 35, 37, 38, 50, 51, 59, 60, 84, 85, 88, 89, 94, 95, 103, 104, 112, 113, 135, 136, 149, 150, 176, 177, 244, 245, 274, 275, 290, 291, 300, 301, 319, 320, 337, 338, 349, 350, 362, 363, 440, 441, 460, 461, 508, 509, 567, 568, 623, 624, 652, 653, 676, 677, 698, 699, 731, 732, 771, 772], "summary": {"covered_lines": 84, "num_statements": 84, "percent_covered": 100.0, "percent_covered_display": "100", "missing_lines": 0, "excluded_lines": 0, "percent_statements_covered": 100.0, "percent_statements_covered_display": "100", "num_branches": 0, "num_partial_branches": 0, "covered_branches": 0, "missing_branches": 0, "percent_branches_covered": 100.0, "percent_branches_covered_display": "100"}, "missing_lines": [], "excluded_lines": [], "start_line": 1, "executed_branches": [], "missing_branches": []}}, "classes": {"ModelManagement": {"executed_lines": [57, 82, 86, 96, 97, 99, 100, 101, 126, 128, 129, 130, 131, 133, 137, 138, 139, 140, 141, 142, 143, 144, 145, 146, 147, 153, 154, 157, 158, 168, 169, 170, 171, 172, 173, 174, 190, 191, 192, 195, 196, 198, 202, 203, 208, 209, 213, 215, 217, 218, 219, 221, 222, 223, 227, 232, 233, 236, 238, 239, 240, 242, 248, 250, 251, 252, 254, 257, 258, 259, 267, 268, 269, 270, 271, 272, 278, 279, 280, 281, 282, 283, 284, 288, 292, 293, 294, 295, 296, 297, 298, 302, 303, 304, 305, 307, 308, 317, 328, 329, 330, 331, 332, 333, 334, 335, 341, 342, 343, 344, 345, 346, 347, 351, 352, 355, 356, 360, 385, 392, 394, 395, 397, 398, 399, 408, 409, 410, 411, 412, 420, 421, 423, 424, 426, 435, 436, 438, 451, 452, 453, 455, 456, 474, 477, 478, 480, 481, 483, 484, 485, 489, 490, 491, 494, 496, 501, 503, 504, 521, 522, 525, 526, 528, 530, 532, 534, 535, 536, 537, 538, 539, 540, 541, 544, 546, 547, 551, 559, 561, 562, 563, 565, 576, 577, 578, 579, 583, 584, 586, 587, 589, 591, 592, 593, 595, 597, 600, 601, 606, 607, 608, 610, 612, 614, 617, 621, 632, 633, 634, 635, 644, 645, 646, 647, 649, 650, 656, 657, 658, 666, 667, 668, 673, 674, 683, 684, 685, 686, 693, 694, 695, 696, 709, 710, 711, 717, 718, 720, 721, 726, 727, 729, 743, 744, 745, 746, 748, 756, 757, 759, 760, 761, 763, 766, 767, 769, 797, 798, 799, 800, 802, 803, 804, 806, 807, 809, 810, 817, 818, 820, 830, 831, 833], "summary": {"covered_lines": 274, "num_statements": 300, "percent_covered": 90.17857142857143, "percent_covered_display": "90", "missing_lines": 26, "excluded_lines": 0, "percent_statements_covered": 91.33333333333333, "percent_statements_covered_display": "91", "num_branches": 148, "num_partial_branches": 8, "covered_branches": 130, "missing_branches": 18, "percent_branches_covered": 87.83783783783784, "percent_branches_covered_display": "88"}, "missing_lines": [41, 42, 43, 44, 46, 47, 48, 91, 92, 105, 106, 107, 228, 229, 255, 264, 454, 457, 458, 553, 554, 555, 556, 557, 558, 598], "excluded_lines": [], "start_line": 32, "executed_branches": [[97, 99], [97, 101], [130, 131], [130, 133], [139, 140], [139, 147], [141, 142], [141, 147], [143, 144], [143, 145], [145, 141], [145, 146], [168, 169], [168, 174], [169, 168], [169, 170], [191, 192], [191, 195], [195, 196], [195, 198], [202, 203], [202, 208], [208, 209], [208, 213], [218, 219], [218, 221], [227, 232], [232, 233], [232, 236], [238, 239], [238, 242], [251, 252], [251, 269], [254, 257], [257, 258], [257, 267], [259, 251], [267, 251], [267, 268], [280, 281], [280, 288], [281, 280], [281, 282], [283, 280], [283, 284], [293, 294], [293, 295], [303, 304], [303, 305], [329, 330], [329, 331], [332, 333], [332, 334], [341, 342], [341, 347], [355, 356], [355, 360], [397, 398], [397, 420], [408, 409], [408, 412], [410, 411], [410, 412], [423, 424], [423, 426], [435, 436], [435, 438], [453, 455], [477, 478], [477, 480], [480, 481], [480, 483], [484, 485], [484, 489], [489, -460], [489, 490], [490, 491], [490, 494], [494, 496], [494, 501], [503, -460], [503, 504], [521, 522], [521, 525], [525, 526], [525, 528], [537, -534], [537, 538], [540, 541], [540, 544], [546, 547], [546, 551], [551, 565], [583, 584], [583, 586], [586, 587], [586, 589], [591, 592], [597, 600], [600, 601], [600, 614], [607, 608], [607, 610], [644, 645], [644, 649], [667, 668], [667, 673], [694, 695], [694, 696], [710, 711], [710, 720], [717, 718], [717, 720], [720, 721], [726, 727], [726, 729], [745, 746], [745, 769], [756, 757], [756, 759], [759, 760], [759, 763], [799, 800], [799, 802], [809, 810], [809, 820], [817, 818], [817, 820], [830, 831], [830, 833]], "missing_branches": [[41, 42], [41, 48], [43, 44], [43, 48], [91, -88], [91, 92], [106, -103], [106, 107], [227, 228], [228, 229], [228, 236], [254, 255], [259, 264], [453, 454], [551, 553], [591, 595], [597, 598], [720, 729]]}, "": {"executed_lines": [1, 2, 3, 4, 5, 6, 7, 8, 9, 10, 11, 12, 13, 14, 16, 17, 18, 19, 24, 25, 27, 29, 32, 33, 34, 35, 37, 38, 50, 51, 59, 60, 84, 85, 88, 89, 94, 95, 103, 104, 112, 113, 135, 136, 149, 150, 176, 177, 244, 245, 274, 275, 290, 291, 300, 301, 319, 320, 337, 338, 349, 350, 362, 363, 440, 441, 460, 461, 508, 509, 567, 568, 623, 624, 652, 653, 676, 677, 698, 699, 731, 732, 771, 772], "summary": {"covered_lines": 84, "num_statements": 84, "percent_covered": 100.0, "percent_covered_display": "100", "missing_lines": 0, "excluded_lines": 0, "percent_statements_covered": 100.0, "percent_statements_covered_display": "100", "num_branches": 0, "num_partial_branches": 0, "covered_branches": 0, "missing_branches": 0, "percent_branches_covered": 100.0, "percent_branches_covered_display": "100"}, "missing_lines": [], "excluded_lines": [], "start_line": 1, "executed_branches": [], "missing_branches": []}}}, "qwen3_embed/common/onnx_model.py": {"executed_lines": [1, 2, 3, 4, 5, 7, 8, 9, 10, 11, 13, 14, 15, 18, 21, 22, 23, 24, 25, 26, 29, 30, 31, 32, 33, 34, 35, 36, 39, 40, 42, 43, 46, 58, 64, 72, 106, 120, 140, 170, 185, 186, 197, 198, 220, 223, 227, 228, 236, 244, 245, 248], "summary": {"covered_lines": 52, "num_statements": 123, "percent_covered": 33.54838709677419, "percent_covered_display": "34", "missing_lines": 71, "excluded_lines": 0, "percent_statements_covered": 42.27642276422764, "percent_statements_covered_display": "42", "num_branches": 32, "num_partial_branches": 0, "covered_branches": 0, "missing_branches": 32, "percent_branches_covered": 0.0, "percent_branches_covered_display": "0"}, "missing_lines": [44, 56, 59, 60, 61, 62, 70, 77, 78, 80, 81, 89, 92, 93, 94, 95, 96, 98, 99, 100, 102, 104, 109, 110, 112, 113, 114, 115, 118, 124, 125, 126, 127, 130, 132, 133, 134, 136, 137, 138, 145, 146, 149, 151, 152, 153, 155, 156, 157, 158, 159, 160, 161, 168, 176, 177, 181, 182, 183, 195, 212, 213, 214, 217, 218, 221, 224, 234, 242, 246, 249], "excluded_lines": [], "executed_branches": [], "missing_branches": [[80, 81], [80, 89], [92, 93], [92, 94], [94, 95], [94, 99], [95, 96], [95, 98], [99, 100], [99, 102], [110, 112], [110, 118], [114, 110], [114, 115], [125, 126], [125, 127], [132, 133], [132, 136], [136, 137], [136, 138], [145, 146], [145, 149], [158, 159], [158, 168], [160, 161], [160, 168], [212, 213], [212, 217], [213, 212], [213, 214], [217, -197], [217, 218]], "functions": {"OnnxModel._get_worker_class": {"executed_lines": [], "summary": {"covered_lines": 0, "num_statements": 1, "percent_covered": 0.0, "percent_covered_display": "0", "missing_lines": 1, "excluded_lines": 0, "percent_statements_covered": 0.0, "percent_statements_covered_display": "0", "num_branches": 0, "num_partial_branches": 0, "covered_branches": 0, "missing_branches": 0, "percent_branches_covered": 100.0, "percent_branches_covered_display": "100"}, "missing_lines": [44], "excluded_lines": [], "start_line": 43, "executed_branches": [], "missing_branches": []}, "OnnxModel._post_process_onnx_output": {"executed_lines": [], "summary": {"covered_lines": 0, "num_statements": 1, "percent_covered": 0.0, "percent_covered_display": "0", "missing_lines": 1, "excluded_lines": 0, "percent_statements_covered": 0.0, "percent_statements_covered_display": "0", "num_branches": 0, "num_partial_branches": 0, "covered_branches": 0, "missing_branches": 0, "percent_branches_covered": 100.0, "percent_branches_covered_display": "100"}, "missing_lines": [56], "excluded_lines": [], "start_line": 46, "executed_branches": [], "missing_branches": []}, "OnnxModel.__init__": {"executed_lines": [], "summary": {"covered_lines": 0, "num_statements": 4, "percent_covered": 0.0, "percent_covered_display": "0", "missing_lines": 4, "excluded_lines": 0, "percent_statements_covered": 0.0, "percent_statements_covered_display": "0", "num_branches": 0, "num_partial_branches": 0, "covered_branches": 0, "missing_branches": 0, "percent_branches_covered": 100.0, "percent_branches_covered_display": "100"}, "missing_lines": [59, 60, 61, 62], "excluded_lines": [], "start_line": 58, "executed_branches": [], "missing_branches": []}, "OnnxModel._preprocess_onnx_input": {"executed_lines": [], "summary": {"covered_lines": 0, "num_statements": 1, "percent_covered": 0.0, "percent_covered_display": "0", "missing_lines": 1, "excluded_lines": 0, "percent_statements_covered": 0.0, "percent_statements_covered_display": "0", "num_branches": 0, "num_partial_branches": 0, "covered_branches": 0, "missing_branches": 0, "percent_branches_covered": 100.0, "percent_branches_covered_display": "100"}, "missing_lines": [70], "excluded_lines": [], "start_line": 64, "executed_branches": [], "missing_branches": []}, "OnnxModel._determine_providers": {"executed_lines": [], "summary": {"covered_lines": 0, "num_statements": 15, "percent_covered": 0.0, "percent_covered_display": "0", "missing_lines": 15, "excluded_lines": 0, "percent_statements_covered": 0.0, "percent_statements_covered_display": "0", "num_branches": 10, "num_partial_branches": 0, "covered_branches": 0, "missing_branches": 10, "percent_branches_covered": 0.0, "percent_branches_covered_display": "0"}, "missing_lines": [77, 78, 80, 81, 89, 92, 93, 94, 95, 96, 98, 99, 100, 102, 104], "excluded_lines": [], "start_line": 72, "executed_branches": [], "missing_branches": [[80, 81], [80, 89], [92, 93], [92, 94], [94, 95], [94, 99], [95, 96], [95, 98], [99, 100], [99, 102]]}, "OnnxModel._validate_providers": {"executed_lines": [], "summary": {"covered_lines": 0, "num_statements": 7, "percent_covered": 0.0, "percent_covered_display": "0", "missing_lines": 7, "excluded_lines": 0, "percent_statements_covered": 0.0, "percent_statements_covered_display": "0", "num_branches": 4, "num_partial_branches": 0, "covered_branches": 0, "missing_branches": 4, "percent_branches_covered": 0.0, "percent_branches_covered_display": "0"}, "missing_lines": [109, 110, 112, 113, 114, 115, 118], "excluded_lines": [], "start_line": 106, "executed_branches": [], "missing_branches": [[110, 112], [110, 118], [114, 110], [114, 115]]}, "OnnxModel._create_session_options": {"executed_lines": [], "summary": {"covered_lines": 0, "num_statements": 11, "percent_covered": 0.0, "percent_covered_display": "0", "missing_lines": 11, "excluded_lines": 0, "percent_statements_covered": 0.0, "percent_statements_covered_display": "0", "num_branches": 6, "num_partial_branches": 0, "covered_branches": 0, "missing_branches": 6, "percent_branches_covered": 0.0, "percent_branches_covered_display": "0"}, "missing_lines": [124, 125, 126, 127, 130, 132, 133, 134, 136, 137, 138], "excluded_lines": [], "start_line": 120, "executed_branches": [], "missing_branches": [[125, 126], [125, 127], [132, 133], [132, 136], [136, 137], [136, 138]]}, "OnnxModel._instantiate_onnx_session": {"executed_lines": [], "summary": {"covered_lines": 0, "num_statements": 14, "percent_covered": 0.0, "percent_covered_display": "0", "missing_lines": 14, "excluded_lines": 0, "percent_statements_covered": 0.0, "percent_statements_covered_display": "0", "num_branches": 6, "num_partial_branches": 0, "covered_branches": 0, "missing_branches": 6, "percent_branches_covered": 0.0, "percent_branches_covered_display": "0"}, "missing_lines": [145, 146, 149, 151, 152, 153, 155, 156, 157, 158, 159, 160, 161, 168], "excluded_lines": [], "start_line": 140, "executed_branches": [], "missing_branches": [[145, 146], [145, 149], [158, 159], [158, 168], [160, 161], [160, 168]]}, "OnnxModel._load_onnx_model": {"executed_lines": [], "summary": {"covered_lines": 0, "num_statements": 5, "percent_covered": 0.0, "percent_covered_display": "0", "missing_lines": 5, "excluded_lines": 0, "percent_statements_covered": 0.0, "percent_statements_covered_display": "0", "num_branches": 0, "num_partial_branches": 0, "covered_branches": 0, "missing_branches": 0, "percent_branches_covered": 100.0, "percent_branches_covered_display": "100"}, "missing_lines": [176, 177, 181, 182, 183], "excluded_lines": [], "start_line": 170, "executed_branches": [], "missing_branches": []}, "OnnxModel._select_exposed_session_options": {"executed_lines": [], "summary": {"covered_lines": 0, "num_statements": 1, "percent_covered": 0.0, "percent_covered_display": "0", "missing_lines": 1, "excluded_lines": 0, "percent_statements_covered": 0.0, "percent_statements_covered_display": "0", "num_branches": 0, "num_partial_branches": 0, "covered_branches": 0, "missing_branches": 0, "percent_branches_covered": 100.0, "percent_branches_covered_display": "100"}, "missing_lines": [195], "excluded_lines": [], "start_line": 186, "executed_branches": [], "missing_branches": []}, "OnnxModel.add_extra_session_options": {"executed_lines": [], "summary": {"covered_lines": 0, "num_statements": 5, "percent_covered": 0.0, "percent_covered_display": "0", "missing_lines": 5, "excluded_lines": 0, "percent_statements_covered": 0.0, "percent_statements_covered_display": "0", "num_branches": 6, "num_partial_branches": 0, "covered_branches": 0, "missing_branches": 6, "percent_branches_covered": 0.0, "percent_branches_covered_display": "0"}, "missing_lines": [212, 213, 214, 217, 218], "excluded_lines": [], "start_line": 198, "executed_branches": [], "missing_branches": [[212, 213], [212, 217], [213, 212], [213, 214], [217, -197], [217, 218]]}, "OnnxModel.load_onnx_model": {"executed_lines": [], "summary": {"covered_lines": 0, "num_statements": 1, "percent_covered": 0.0, "percent_covered_display": "0", "missing_lines": 1, "excluded_lines": 0, "percent_statements_covered": 0.0, "percent_statements_covered_display": "0", "num_branches": 0, "num_partial_branches": 0, "covered_branches": 0, "missing_branches": 0, "percent_branches_covered": 100.0, "percent_branches_covered_display": "100"}, "missing_lines": [221], "excluded_lines": [], "start_line": 220, "executed_branches": [], "missing_branches": []}, "OnnxModel.onnx_embed": {"executed_lines": [], "summary": {"covered_lines": 0, "num_statements": 1, "percent_covered": 0.0, "percent_covered_display": "0", "missing_lines": 1, "excluded_lines": 0, "percent_statements_covered": 0.0, "percent_statements_covered_display": "0", "num_branches": 0, "num_partial_branches": 0, "covered_branches": 0, "missing_branches": 0, "percent_branches_covered": 100.0, "percent_branches_covered_display": "100"}, "missing_lines": [224], "excluded_lines": [], "start_line": 223, "executed_branches": [], "missing_branches": []}, "EmbeddingWorker.init_embedding": {"executed_lines": [], "summary": {"covered_lines": 0, "num_statements": 1, "percent_covered": 0.0, "percent_covered_display": "0", "missing_lines": 1, "excluded_lines": 0, "percent_statements_covered": 0.0, "percent_statements_covered_display": "0", "num_branches": 0, "num_partial_branches": 0, "covered_branches": 0, "missing_branches": 0, "percent_branches_covered": 100.0, "percent_branches_covered_display": "100"}, "missing_lines": [234], "excluded_lines": [], "start_line": 228, "executed_branches": [], "missing_branches": []}, "EmbeddingWorker.__init__": {"executed_lines": [], "summary": {"covered_lines": 0, "num_statements": 1, "percent_covered": 0.0, "percent_covered_display": "0", "missing_lines": 1, "excluded_lines": 0, "percent_statements_covered": 0.0, "percent_statements_covered_display": "0", "num_branches": 0, "num_partial_branches": 0, "covered_branches": 0, "missing_branches": 0, "percent_branches_covered": 100.0, "percent_branches_covered_display": "100"}, "missing_lines": [242], "excluded_lines": [], "start_line": 236, "executed_branches": [], "missing_branches": []}, "EmbeddingWorker.start": {"executed_lines": [], "summary": {"covered_lines": 0, "num_statements": 1, "percent_covered": 0.0, "percent_covered_display": "0", "missing_lines": 1, "excluded_lines": 0, "percent_statements_covered": 0.0, "percent_statements_covered_display": "0", "num_branches": 0, "num_partial_branches": 0, "covered_branches": 0, "missing_branches": 0, "percent_branches_covered": 100.0, "percent_branches_covered_display": "100"}, "missing_lines": [246], "excluded_lines": [], "start_line": 245, "executed_branches": [], "missing_branches": []}, "EmbeddingWorker.process": {"executed_lines": [], "summary": {"covered_lines": 0, "num_statements": 1, "percent_covered": 0.0, "percent_covered_display": "0", "missing_lines": 1, "excluded_lines": 0, "percent_statements_covered": 0.0, "percent_statements_covered_display": "0", "num_branches": 0, "num_partial_branches": 0, "covered_branches": 0, "missing_branches": 0, "percent_branches_covered": 100.0, "percent_branches_covered_display": "100"}, "missing_lines": [249], "excluded_lines": [], "start_line": 248, "executed_branches": [], "missing_branches": []}, "": {"executed_lines": [1, 2, 3, 4, 5, 7, 8, 9, 10, 11, 13, 14, 15, 18, 21, 22, 23, 24, 25, 26, 29, 30, 31, 32, 33, 34, 35, 36, 39, 40, 42, 43, 46, 58, 64, 72, 106, 120, 140, 170, 185, 186, 197, 198, 220, 223, 227, 228, 236, 244, 245, 248], "summary": {"covered_lines": 52, "num_statements": 52, "percent_covered": 100.0, "percent_covered_display": "100", "missing_lines": 0, "excluded_lines": 0, "percent_statements_covered": 100.0, "percent_statements_covered_display": "100", "num_branches": 0, "num_partial_branches": 0, "covered_branches": 0, "missing_branches": 0, "percent_branches_covered": 100.0, "percent_branches_covered_display": "100"}, "missing_lines": [], "excluded_lines": [], "start_line": 1, "executed_branches": [], "missing_branches": []}}, "classes": {"OnnxOutputContext": {"executed_lines": [], "summary": {"covered_lines": 0, "num_statements": 0, "percent_covered": 100.0, "percent_covered_display": "100", "missing_lines": 0, "excluded_lines": 0, "percent_statements_covered": 100.0, "percent_statements_covered_display": "100", "num_branches": 0, "num_partial_branches": 0, "covered_branches": 0, "missing_branches": 0, "percent_branches_covered": 100.0, "percent_branches_covered_display": "100"}, "missing_lines": [], "excluded_lines": [], "start_line": 22, "executed_branches": [], "missing_branches": []}, "OnnxSessionConfig": {"executed_lines": [], "summary": {"covered_lines": 0, "num_statements": 0, "percent_covered": 100.0, "percent_covered_display": "100", "missing_lines": 0, "excluded_lines": 0, "percent_statements_covered": 100.0, "percent_statements_covered_display": "100", "num_branches": 0, "num_partial_branches": 0, "covered_branches": 0, "missing_branches": 0, "percent_branches_covered": 100.0, "percent_branches_covered_display": "100"}, "missing_lines": [], "excluded_lines": [], "start_line": 30, "executed_branches": [], "missing_branches": []}, "OnnxModel": {"executed_lines": [], "summary": {"covered_lines": 0, "num_statements": 67, "percent_covered": 0.0, "percent_covered_display": "0", "missing_lines": 67, "excluded_lines": 0, "percent_statements_covered": 0.0, "percent_statements_covered_display": "0", "num_branches": 32, "num_partial_branches": 0, "covered_branches": 0, "missing_branches": 32, "percent_branches_covered": 0.0, "percent_branches_covered_display": "0"}, "missing_lines": [44, 56, 59, 60, 61, 62, 70, 77, 78, 80, 81, 89, 92, 93, 94, 95, 96, 98, 99, 100, 102, 104, 109, 110, 112, 113, 114, 115, 118, 124, 125, 126, 127, 130, 132, 133, 134, 136, 137, 138, 145, 146, 149, 151, 152, 153, 155, 156, 157, 158, 159, 160, 161, 168, 176, 177, 181, 182, 183, 195, 212, 213, 214, 217, 218, 221, 224], "excluded_lines": [], "start_line": 39, "executed_branches": [], "missing_branches": [[80, 81], [80, 89], [92, 93], [92, 94], [94, 95], [94, 99], [95, 96], [95, 98], [99, 100], [99, 102], [110, 112], [110, 118], [114, 110], [114, 115], [125, 126], [125, 127], [132, 133], [132, 136], [136, 137], [136, 138], [145, 146], [145, 149], [158, 159], [158, 168], [160, 161], [160, 168], [212, 213], [212, 217], [213, 212], [213, 214], [217, -197], [217, 218]]}, "EmbeddingWorker": {"executed_lines": [], "summary": {"covered_lines": 0, "num_statements": 4, "percent_covered": 0.0, "percent_covered_display": "0", "missing_lines": 4, "excluded_lines": 0, "percent_statements_covered": 0.0, "percent_statements_covered_display": "0", "num_branches": 0, "num_partial_branches": 0, "covered_branches": 0, "missing_branches": 0, "percent_branches_covered": 100.0, "percent_branches_covered_display": "100"}, "missing_lines": [234, 242, 246, 249], "excluded_lines": [], "start_line": 227, "executed_branches": [], "missing_branches": []}, "": {"executed_lines": [1, 2, 3, 4, 5, 7, 8, 9, 10, 11, 13, 14, 15, 18, 21, 22, 23, 24, 25, 26, 29, 30, 31, 32, 33, 34, 35, 36, 39, 40, 42, 43, 46, 58, 64, 72, 106, 120, 140, 170, 185, 186, 197, 198, 220, 223, 227, 228, 236, 244, 245, 248], "summary": {"covered_lines": 52, "num_statements": 52, "percent_covered": 100.0, "percent_covered_display": "100", "missing_lines": 0, "excluded_lines": 0, "percent_statements_covered": 100.0, "percent_statements_covered_display": "100", "num_branches": 0, "num_partial_branches": 0, "covered_branches": 0, "missing_branches": 0, "percent_branches_covered": 100.0, "percent_branches_covered_display": "100"}, "missing_lines": [], "excluded_lines": [], "start_line": 1, "executed_branches": [], "missing_branches": []}}}, "qwen3_embed/common/preprocessor_utils.py": {"executed_lines": [1, 2, 3, 5, 8, 19], "summary": {"covered_lines": 6, "num_statements": 56, "percent_covered": 6.818181818181818, "percent_covered_display": "7", "missing_lines": 50, "excluded_lines": 0, "percent_statements_covered": 10.714285714285714, "percent_statements_covered_display": "11", "num_branches": 32, "num_partial_branches": 0, "covered_branches": 0, "missing_branches": 32, "percent_branches_covered": 0.0, "percent_branches_covered_display": "0"}, "missing_lines": [9, 10, 11, 13, 14, 16, 20, 21, 22, 24, 25, 26, 28, 29, 30, 32, 33, 35, 36, 37, 38, 39, 40, 41, 42, 44, 46, 48, 49, 50, 51, 52, 53, 54, 55, 56, 57, 59, 60, 61, 62, 63, 65, 67, 68, 69, 70, 71, 72, 74], "excluded_lines": [], "executed_branches": [], "missing_branches": [[10, 11], [10, 13], [21, 22], [21, 24], [25, 26], [25, 28], [29, 30], [29, 32], [37, 38], [37, 39], [39, 40], [39, 41], [41, 42], [41, 44], [50, 51], [50, 59], [52, 53], [52, 54], [55, 56], [55, 57], [59, 60], [59, 65], [60, 61], [60, 62], [62, 59], [62, 63], [67, 68], [67, 74], [68, 69], [68, 70], [70, 67], [70, 71]], "functions": {"load_special_tokens": {"executed_lines": [], "summary": {"covered_lines": 0, "num_statements": 6, "percent_covered": 0.0, "percent_covered_display": "0", "missing_lines": 6, "excluded_lines": 0, "percent_statements_covered": 0.0, "percent_statements_covered_display": "0", "num_branches": 2, "num_partial_branches": 0, "covered_branches": 0, "missing_branches": 2, "percent_branches_covered": 0.0, "percent_branches_covered_display": "0"}, "missing_lines": [9, 10, 11, 13, 14, 16], "excluded_lines": [], "start_line": 8, "executed_branches": [], "missing_branches": [[10, 11], [10, 13]]}, "load_tokenizer": {"executed_lines": [], "summary": {"covered_lines": 0, "num_statements": 44, "percent_covered": 0.0, "percent_covered_display": "0", "missing_lines": 44, "excluded_lines": 0, "percent_statements_covered": 0.0, "percent_statements_covered_display": "0", "num_branches": 30, "num_partial_branches": 0, "covered_branches": 0, "missing_branches": 30, "percent_branches_covered": 0.0, "percent_branches_covered_display": "0"}, "missing_lines": [20, 21, 22, 24, 25, 26, 28, 29, 30, 32, 33, 35, 36, 37, 38, 39, 40, 41, 42, 44, 46, 48, 49, 50, 51, 52, 53, 54, 55, 56, 57, 59, 60, 61, 62, 63, 65, 67, 68, 69, 70, 71, 72, 74], "excluded_lines": [], "start_line": 19, "executed_branches": [], "missing_branches": [[21, 22], [21, 24], [25, 26], [25, 28], [29, 30], [29, 32], [37, 38], [37, 39], [39, 40], [39, 41], [41, 42], [41, 44], [50, 51], [50, 59], [52, 53], [52, 54], [55, 56], [55, 57], [59, 60], [59, 65], [60, 61], [60, 62], [62, 59], [62, 63], [67, 68], [67, 74], [68, 69], [68, 70], [70, 67], [70, 71]]}, "": {"executed_lines": [1, 2, 3, 5, 8, 19], "summary": {"covered_lines": 6, "num_statements": 6, "percent_covered": 100.0, "percent_covered_display": "100", "missing_lines": 0, "excluded_lines": 0, "percent_statements_covered": 100.0, "percent_statements_covered_display": "100", "num_branches": 0, "num_partial_branches": 0, "covered_branches": 0, "missing_branches": 0, "percent_branches_covered": 100.0, "percent_branches_covered_display": "100"}, "missing_lines": [], "excluded_lines": [], "start_line": 1, "executed_branches": [], "missing_branches": []}}, "classes": {"": {"executed_lines": [1, 2, 3, 5, 8, 19], "summary": {"covered_lines": 6, "num_statements": 56, "percent_covered": 6.818181818181818, "percent_covered_display": "7", "missing_lines": 50, "excluded_lines": 0, "percent_statements_covered": 10.714285714285714, "percent_statements_covered_display": "11", "num_branches": 32, "num_partial_branches": 0, "covered_branches": 0, "missing_branches": 32, "percent_branches_covered": 0.0, "percent_branches_covered_display": "0"}, "missing_lines": [9, 10, 11, 13, 14, 16, 20, 21, 22, 24, 25, 26, 28, 29, 30, 32, 33, 35, 36, 37, 38, 39, 40, 41, 42, 44, 46, 48, 49, 50, 51, 52, 53, 54, 55, 56, 57, 59, 60, 61, 62, 63, 65, 67, 68, 69, 70, 71, 72, 74], "excluded_lines": [], "start_line": 1, "executed_branches": [], "missing_branches": [[10, 11], [10, 13], [21, 22], [21, 24], [25, 26], [25, 28], [29, 30], [29, 32], [37, 38], [37, 39], [39, 40], [39, 41], [41, 42], [41, 44], [50, 51], [50, 59], [52, 53], [52, 54], [55, 56], [55, 57], [59, 60], [59, 65], [60, 61], [60, 62], [62, 59], [62, 63], [67, 68], [67, 74], [68, 69], [68, 70], [70, 67], [70, 71]]}}}, "qwen3_embed/common/types.py": {"executed_lines": [1, 2, 3, 5, 6, 9, 10, 11, 12, 15, 17, 18], "summary": {"covered_lines": 12, "num_statements": 12, "percent_covered": 100.0, "percent_covered_display": "100", "missing_lines": 0, "excluded_lines": 0, "percent_statements_covered": 100.0, "percent_statements_covered_display": "100", "num_branches": 0, "num_partial_branches": 0, "covered_branches": 0, "missing_branches": 0, "percent_branches_covered": 100.0, "percent_branches_covered_display": "100"}, "missing_lines": [], "excluded_lines": [], "executed_branches": [], "missing_branches": [], "functions": {"": {"executed_lines": [1, 2, 3, 5, 6, 9, 10, 11, 12, 15, 17, 18], "summary": {"covered_lines": 12, "num_statements": 12, "percent_covered": 100.0, "percent_covered_display": "100", "missing_lines": 0, "excluded_lines": 0, "percent_statements_covered": 100.0, "percent_statements_covered_display": "100", "num_branches": 0, "num_partial_branches": 0, "covered_branches": 0, "missing_branches": 0, "percent_branches_covered": 100.0, "percent_branches_covered_display": "100"}, "missing_lines": [], "excluded_lines": [], "start_line": 1, "executed_branches": [], "missing_branches": []}}, "classes": {"Device": {"executed_lines": [], "summary": {"covered_lines": 0, "num_statements": 0, "percent_covered": 100.0, "percent_covered_display": "100", "missing_lines": 0, "excluded_lines": 0, "percent_statements_covered": 100.0, "percent_statements_covered_display": "100", "num_branches": 0, "num_partial_branches": 0, "covered_branches": 0, "missing_branches": 0, "percent_branches_covered": 100.0, "percent_branches_covered_display": "100"}, "missing_lines": [], "excluded_lines": [], "start_line": 9, "executed_branches": [], "missing_branches": []}, "": {"executed_lines": [1, 2, 3, 5, 6, 9, 10, 11, 12, 15, 17, 18], "summary": {"covered_lines": 12, "num_statements": 12, "percent_covered": 100.0, "percent_covered_display": "100", "missing_lines": 0, "excluded_lines": 0, "percent_statements_covered": 100.0, "percent_statements_covered_display": "100", "num_branches": 0, "num_partial_branches": 0, "covered_branches": 0, "missing_branches": 0, "percent_branches_covered": 100.0, "percent_branches_covered_display": "100"}, "missing_lines": [], "excluded_lines": [], "start_line": 1, "executed_branches": [], "missing_branches": []}}}, "qwen3_embed/common/utils.py": {"executed_lines": [1, 2, 3, 4, 5, 6, 7, 9, 10, 12, 14, 17, 20, 32, 39, 76, 91, 102, 131], "summary": {"covered_lines": 19, "num_statements": 79, "percent_covered": 16.52173913043478, "percent_covered_display": "17", "missing_lines": 60, "excluded_lines": 0, "percent_statements_covered": 24.050632911392405, "percent_statements_covered_display": "24", "num_branches": 36, "num_partial_branches": 0, "covered_branches": 0, "missing_branches": 36, "percent_branches_covered": 0.0, "percent_branches_covered_display": "0"}, "missing_lines": [22, 23, 24, 25, 26, 27, 34, 35, 36, 52, 53, 54, 58, 59, 63, 66, 68, 70, 71, 73, 78, 79, 81, 82, 83, 86, 87, 88, 93, 94, 96, 98, 99, 107, 108, 111, 112, 115, 116, 118, 119, 120, 121, 122, 123, 125, 127, 128, 135, 136, 137, 139, 140, 141, 143, 144, 147, 148, 149, 151], "excluded_lines": [], "executed_branches": [], "missing_branches": [[22, 23], [22, 24], [24, 25], [24, 26], [26, -20], [26, 27], [34, -32], [34, 35], [53, 54], [53, 58], [58, 59], [58, 63], [70, 71], [70, 73], [78, 79], [78, 86], [107, 108], [107, 111], [111, 112], [111, 115], [115, 116], [115, 120], [116, 118], [116, 119], [120, 121], [120, 125], [121, 122], [121, 123], [127, -102], [127, 128], [135, 136], [135, 143], [136, 137], [136, 139], [147, 148], [147, 151]], "functions": {"check_input_length": {"executed_lines": [], "summary": {"covered_lines": 0, "num_statements": 6, "percent_covered": 0.0, "percent_covered_display": "0", "missing_lines": 6, "excluded_lines": 0, "percent_statements_covered": 0.0, "percent_statements_covered_display": "0", "num_branches": 6, "num_partial_branches": 0, "covered_branches": 0, "missing_branches": 6, "percent_branches_covered": 0.0, "percent_branches_covered_display": "0"}, "missing_lines": [22, 23, 24, 25, 26, 27], "excluded_lines": [], "start_line": 20, "executed_branches": [], "missing_branches": [[22, 23], [22, 24], [24, 25], [24, 26], [26, -20], [26, 27]]}, "iter_checked_texts": {"executed_lines": [], "summary": {"covered_lines": 0, "num_statements": 3, "percent_covered": 0.0, "percent_covered_display": "0", "missing_lines": 3, "excluded_lines": 0, "percent_statements_covered": 0.0, "percent_statements_covered_display": "0", "num_branches": 2, "num_partial_branches": 0, "covered_branches": 0, "missing_branches": 2, "percent_branches_covered": 0.0, "percent_branches_covered_display": "0"}, "missing_lines": [34, 35, 36], "excluded_lines": [], "start_line": 32, "executed_branches": [], "missing_branches": [[34, -32], [34, 35]]}, "last_token_pool": {"executed_lines": [], "summary": {"covered_lines": 0, "num_statements": 11, "percent_covered": 0.0, "percent_covered_display": "0", "missing_lines": 11, "excluded_lines": 0, "percent_statements_covered": 0.0, "percent_statements_covered_display": "0", "num_branches": 6, "num_partial_branches": 0, "covered_branches": 0, "missing_branches": 6, "percent_branches_covered": 0.0, "percent_branches_covered_display": "0"}, "missing_lines": [52, 53, 54, 58, 59, 63, 66, 68, 70, 71, 73], "excluded_lines": [], "start_line": 39, "executed_branches": [], "missing_branches": [[53, 54], [53, 58], [58, 59], [58, 63], [70, 71], [70, 73]]}, "normalize": {"executed_lines": [], "summary": {"covered_lines": 0, "num_statements": 8, "percent_covered": 0.0, "percent_covered_display": "0", "missing_lines": 8, "excluded_lines": 0, "percent_statements_covered": 0.0, "percent_statements_covered_display": "0", "num_branches": 2, "num_partial_branches": 0, "covered_branches": 0, "missing_branches": 2, "percent_branches_covered": 0.0, "percent_branches_covered_display": "0"}, "missing_lines": [78, 79, 81, 82, 83, 86, 87, 88], "excluded_lines": [], "start_line": 76, "executed_branches": [], "missing_branches": [[78, 79], [78, 86]]}, "mean_pooling": {"executed_lines": [], "summary": {"covered_lines": 0, "num_statements": 5, "percent_covered": 0.0, "percent_covered_display": "0", "missing_lines": 5, "excluded_lines": 0, "percent_statements_covered": 0.0, "percent_statements_covered_display": "0", "num_branches": 0, "num_partial_branches": 0, "covered_branches": 0, "missing_branches": 0, "percent_branches_covered": 100.0, "percent_branches_covered_display": "100"}, "missing_lines": [93, 94, 96, 98, 99], "excluded_lines": [], "start_line": 91, "executed_branches": [], "missing_branches": []}, "iter_batch": {"executed_lines": [], "summary": {"covered_lines": 0, "num_statements": 15, "percent_covered": 0.0, "percent_covered_display": "0", "missing_lines": 15, "excluded_lines": 0, "percent_statements_covered": 0.0, "percent_statements_covered_display": "0", "num_branches": 14, "num_partial_branches": 0, "covered_branches": 0, "missing_branches": 14, "percent_branches_covered": 0.0, "percent_branches_covered_display": "0"}, "missing_lines": [107, 108, 111, 112, 115, 116, 118, 119, 120, 121, 122, 123, 125, 127, 128], "excluded_lines": [], "start_line": 102, "executed_branches": [], "missing_branches": [[107, 108], [107, 111], [111, 112], [111, 115], [115, 116], [115, 120], [116, 118], [116, 119], [120, 121], [120, 125], [121, 122], [121, 123], [127, -102], [127, 128]]}, "define_cache_dir": {"executed_lines": [], "summary": {"covered_lines": 0, "num_statements": 12, "percent_covered": 0.0, "percent_covered_display": "0", "missing_lines": 12, "excluded_lines": 0, "percent_statements_covered": 0.0, "percent_statements_covered_display": "0", "num_branches": 6, "num_partial_branches": 0, "covered_branches": 0, "missing_branches": 6, "percent_branches_covered": 0.0, "percent_branches_covered_display": "0"}, "missing_lines": [135, 136, 137, 139, 140, 141, 143, 144, 147, 148, 149, 151], "excluded_lines": [], "start_line": 131, "executed_branches": [], "missing_branches": [[135, 136], [135, 143], [136, 137], [136, 139], [147, 148], [147, 151]]}, "": {"executed_lines": [1, 2, 3, 4, 5, 6, 7, 9, 10, 12, 14, 17, 20, 32, 39, 76, 91, 102, 131], "summary": {"covered_lines": 19, "num_statements": 19, "percent_covered": 100.0, "percent_covered_display": "100", "missing_lines": 0, "excluded_lines": 0, "percent_statements_covered": 100.0, "percent_statements_covered_display": "100", "num_branches": 0, "num_partial_branches": 0, "covered_branches": 0, "missing_branches": 0, "percent_branches_covered": 100.0, "percent_branches_covered_display": "100"}, "missing_lines": [], "excluded_lines": [], "start_line": 1, "executed_branches": [], "missing_branches": []}}, "classes": {"": {"executed_lines": [1, 2, 3, 4, 5, 6, 7, 9, 10, 12, 14, 17, 20, 32, 39, 76, 91, 102, 131], "summary": {"covered_lines": 19, "num_statements": 79, "percent_covered": 16.52173913043478, "percent_covered_display": "17", "missing_lines": 60, "excluded_lines": 0, "percent_statements_covered": 24.050632911392405, "percent_statements_covered_display": "24", "num_branches": 36, "num_partial_branches": 0, "covered_branches": 0, "missing_branches": 36, "percent_branches_covered": 0.0, "percent_branches_covered_display": "0"}, "missing_lines": [22, 23, 24, 25, 26, 27, 34, 35, 36, 52, 53, 54, 58, 59, 63, 66, 68, 70, 71, 73, 78, 79, 81, 82, 83, 86, 87, 88, 93, 94, 96, 98, 99, 107, 108, 111, 112, 115, 116, 118, 119, 120, 121, 122, 123, 125, 127, 128, 135, 136, 137, 139, 140, 141, 143, 144, 147, 148, 149, 151], "excluded_lines": [], "start_line": 1, "executed_branches": [], "missing_branches": [[22, 23], [22, 24], [24, 25], [24, 26], [26, -20], [26, 27], [34, -32], [34, 35], [53, 54], [53, 58], [58, 59], [58, 63], [70, 71], [70, 73], [78, 79], [78, 86], [107, 108], [107, 111], [111, 112], [111, 115], [115, 116], [115, 120], [116, 118], [116, 119], [120, 121], [120, 125], [121, 122], [121, 123], [127, -102], [127, 128], [135, 136], [135, 143], [136, 137], [136, 139], [147, 148], [147, 151]]}}}, "qwen3_embed/parallel_processor.py": {"executed_lines": [1, 2, 3, 4, 5, 6, 7, 8, 9, 10, 11, 12, 14, 17, 19, 22, 23, 24, 25, 28, 29, 30, 33, 37, 45, 67, 106, 107, 108, 109, 110, 111, 114, 115, 135, 165, 181, 200, 242, 254, 266, 271], "summary": {"covered_lines": 42, "num_statements": 175, "percent_covered": 18.83408071748879, "percent_covered_display": "19", "missing_lines": 133, "excluded_lines": 0, "percent_statements_covered": 24.0, "percent_statements_covered_display": "24", "num_branches": 48, "num_partial_branches": 0, "covered_branches": 0, "missing_branches": 48, "percent_branches_covered": 0.0, "percent_branches_covered_display": "0"}, "missing_lines": [31, 34, 38, 39, 40, 41, 42, 56, 57, 58, 59, 61, 62, 64, 81, 82, 84, 88, 89, 90, 91, 92, 93, 94, 96, 97, 98, 99, 100, 101, 103, 120, 121, 123, 124, 125, 126, 127, 128, 129, 130, 131, 132, 133, 136, 137, 139, 140, 141, 143, 144, 145, 146, 147, 148, 150, 151, 162, 163, 166, 167, 168, 170, 172, 173, 174, 175, 176, 177, 179, 184, 185, 186, 188, 189, 190, 191, 192, 193, 194, 195, 197, 198, 201, 202, 204, 205, 206, 207, 208, 209, 210, 211, 212, 214, 215, 216, 217, 218, 220, 221, 222, 223, 224, 225, 227, 228, 230, 231, 233, 234, 235, 236, 237, 238, 239, 240, 246, 247, 248, 249, 250, 260, 261, 262, 263, 264, 267, 268, 269, 281, 282, 283], "excluded_lines": [], "executed_branches": [], "missing_branches": [[40, 41], [40, 42], [81, 82], [81, 84], [97, 98], [97, 103], [120, 121], [120, 123], [143, -135], [143, 144], [145, 146], [145, 150], [170, -165], [170, 172], [172, 173], [172, 179], [175, 170], [175, 176], [193, 194], [193, 197], [206, 207], [206, 230], [208, 209], [208, 214], [220, 221], [220, 227], [221, 222], [221, 224], [230, 231], [230, 233], [233, -200], [233, 234], [236, 237], [236, 239], [246, -242], [246, 247], [247, 246], [247, 248], [260, 261], [260, 264], [262, 260], [262, 263], [267, 268], [267, 269], [281, -271], [281, 282], [282, 281], [282, 283]], "functions": {"Worker.start": {"executed_lines": [], "summary": {"covered_lines": 0, "num_statements": 1, "percent_covered": 0.0, "percent_covered_display": "0", "missing_lines": 1, "excluded_lines": 0, "percent_statements_covered": 0.0, "percent_statements_covered_display": "0", "num_branches": 0, "num_partial_branches": 0, "covered_branches": 0, "missing_branches": 0, "percent_branches_covered": 100.0, "percent_branches_covered_display": "100"}, "missing_lines": [31], "excluded_lines": [], "start_line": 30, "executed_branches": [], "missing_branches": []}, "Worker.process": {"executed_lines": [], "summary": {"covered_lines": 0, "num_statements": 1, "percent_covered": 0.0, "percent_covered_display": "0", "missing_lines": 1, "excluded_lines": 0, "percent_statements_covered": 0.0, "percent_statements_covered_display": "0", "num_branches": 0, "num_partial_branches": 0, "covered_branches": 0, "missing_branches": 0, "percent_branches_covered": 100.0, "percent_branches_covered_display": "100"}, "missing_lines": [34], "excluded_lines": [], "start_line": 33, "executed_branches": [], "missing_branches": []}, "_get_items_from_queue": {"executed_lines": [], "summary": {"covered_lines": 0, "num_statements": 5, "percent_covered": 0.0, "percent_covered_display": "0", "missing_lines": 5,
[...]
missing_branches": 0, "percent_branches_covered": 100.0, "percent_branches_covered_display": "100"}, "missing_lines": [], "excluded_lines": [], "start_line": 1989, "executed_branches": [], "missing_branches": []}, "TestValidateTarMember.test_blocks_parent_traversal_symlink_target": {"executed_lines": [1997, 1998], "summary": {"covered_lines": 2, "num_statements": 2, "percent_covered": 100.0, "percent_covered_display": "100", "missing_lines": 0, "excluded_lines": 0, "percent_statements_covered": 100.0, "percent_statements_covered_display": "100", "num_branches": 0, "num_partial_branches": 0, "covered_branches": 0, "missing_branches": 0, "percent_branches_covered": 100.0, "percent_branches_covered_display": "100"}, "missing_lines": [], "excluded_lines": [], "start_line": 1996, "executed_branches": [], "missing_branches": []}, "TestValidateTarMember.test_blocks_parent_traversal_hardlink_target": {"executed_lines": [2004, 2005], "summary": {"covered_lines": 2, "num_statements": 2, "percent_covered": 100.0, "percent_covered_display": "100", "missing_lines": 0, "excluded_lines": 0, "percent_statements_covered": 100.0, "percent_statements_covered_display": "100", "num_branches": 0, "num_partial_branches": 0, "covered_branches": 0, "missing_branches": 0, "percent_branches_covered": 100.0, "percent_branches_covered_display": "100"}, "missing_lines": [], "excluded_lines": [], "start_line": 2003, "executed_branches": [], "missing_branches": []}, "": {"executed_lines": [3, 4, 5, 6, 7, 8, 9, 10, 11, 13, 14, 15, 16, 18, 19, 26, 31, 44, 65, 68, 70, 71, 74, 75, 78, 79, 88, 91, 95, 99, 109, 112, 118, 122, 126, 136, 139, 141, 148, 155, 156, 177, 178, 197, 198, 213, 219, 232, 233, 249, 259, 268, 269, 281, 282, 301, 302, 320, 321, 337, 338, 357, 358, 383, 384, 415, 418, 423, 429, 435, 445, 455, 475, 497, 515, 532, 549, 572, 596, 612, 629, 664, 702, 705, 711, 712, 713, 727, 728, 729, 751, 752, 753, 774, 775, 776, 796, 797, 798, 815, 824, 831, 832, 833, 834, 854, 855, 856, 857, 881, 882, 883, 884, 900, 901, 902, 903, 924, 925, 926, 927, 956, 957, 958, 959, 988, 989, 990, 991, 1020, 1021, 1022, 1023, 1050, 1051, 1052, 1053, 1097, 1098, 1099, 1100, 1160, 1163, 1164, 1165, 1177, 1178, 1179, 1180, 1181, 1202, 1203, 1204, 1205, 1223, 1226, 1241, 1251, 1279, 1306, 1321, 1353, 1356, 1357, 1374, 1375, 1396, 1399, 1407, 1408, 1426, 1427, 1449, 1450, 1469, 1470, 1483, 1484, 1485, 1500, 1501, 1502, 1519, 1520, 1539, 1540, 1561, 1562, 1590, 1593, 1594, 1595, 1621, 1622, 1623, 1645, 1646, 1647, 1648, 1673, 1676, 1677, 1692, 1693, 1710, 1725, 1728, 1743, 1746, 1763, 1764, 1777, 1778, 1794, 1812, 1815, 1819, 1824, 1834, 1844, 1858, 1861, 1862, 1863, 1889, 1890, 1897, 1898, 1899, 1910, 1914, 1935, 1938, 1942, 1947, 1953, 1959, 1967, 1971, 1975, 1979, 1985, 1989, 1996, 2003], "summary": {"covered_lines": 245, "num_statements": 245, "percent_covered": 100.0, "percent_covered_display": "100", "missing_lines": 0, "excluded_lines": 0, "percent_statements_covered": 100.0, "percent_statements_covered_display": "100", "num_branches": 0, "num_partial_branches": 0, "covered_branches": 0, "missing_branches": 0, "percent_branches_covered": 100.0, "percent_branches_covered_display": "100"}, "missing_lines": [], "excluded_lines": [], "start_line": 1, "executed_branches": [], "missing_branches": []}}, "classes": {"ConcreteModelManagement": {"executed_lines": [72], "summary": {"covered_lines": 1, "num_statements": 3, "percent_covered": 33.333333333333336, "percent_covered_display": "33", "missing_lines": 2, "excluded_lines": 0, "percent_statements_covered": 33.333333333333336, "percent_statements_covered_display": "33", "num_branches": 0, "num_partial_branches": 0, "covered_branches": 0, "missing_branches": 0, "percent_branches_covered": 100.0, "percent_branches_covered_display": "100"}, "missing_lines": [76, 80], "excluded_lines": [], "start_line": 65, "executed_branches": [], "missing_branches": []}, "TestAbstractMethods": {"executed_lines": [92, 93, 96, 97, 100, 101], "summary": {"covered_lines": 6, "num_statements": 6, "percent_covered": 100.0, "percent_covered_display": "100", "missing_lines": 0, "excluded_lines": 0, "percent_statements_covered": 100.0, "percent_statements_covered_display": "100", "num_branches": 0, "num_partial_branches": 0, "covered_branches": 0, "missing_branches": 0, "percent_branches_covered": 100.0, "percent_branches_covered_display": "100"}, "missing_lines": [], "excluded_lines": [], "start_line": 88, "executed_branches": [], "missing_branches": []}, "TestGetModelDescription": {"executed_lines": [113, 119, 120, 123, 124, 127, 128], "summary": {"covered_lines": 7, "num_statements": 7, "percent_covered": 100.0, "percent_covered_display": "100", "missing_lines": 0, "excluded_lines": 0, "percent_statements_covered": 100.0, "percent_statements_covered_display": "100", "num_branches": 0, "num_partial_branches": 0, "covered_branches": 0, "missing_branches": 0, "percent_branches_covered": 100.0, "percent_branches_covered_display": "100"}, "missing_lines": [], "excluded_lines": [], "start_line": 109, "executed_branches": [], "missing_branches": []}, "TestDownloadFileFromGcs": {"executed_lines": [143, 144, 150, 151, 158, 159, 161, 162, 163, 168, 169, 171, 172, 175, 181, 182, 183, 184, 185, 186, 187, 188, 190, 191, 194, 195, 201, 202, 203, 204, 205, 206, 207, 209, 210, 211, 215, 216, 217, 221, 222, 228, 229, 230, 235, 236, 237, 238, 239, 240, 242, 243, 244, 246, 247, 251, 252, 253, 256, 257, 261, 262, 263, 266, 270, 271, 272, 273, 274, 275, 277, 278, 279, 283, 284, 285, 286, 287, 288, 289, 290, 292, 293, 294, 297, 298, 299, 303, 304, 305, 306, 307, 308, 309, 310, 311, 313, 314, 317, 318, 324, 325, 326, 327, 328, 329, 330, 331, 333, 334, 335, 341, 342, 343, 344, 345, 346, 347, 348, 350, 352, 355, 361, 362, 363, 364, 365, 369, 370, 371, 375, 376, 378, 379, 380, 381, 387, 388, 389, 390, 391, 395, 396, 397, 401, 402, 404, 405, 406, 407], "summary": {"covered_lines": 150, "num_statements": 150, "percent_covered": 100.0, "percent_covered_display": "100", "missing_lines": 0, "excluded_lines": 0, "percent_statements_covered": 100.0, "percent_statements_covered_display": "100", "num_branches": 2, "num_partial_branches": 0, "covered_branches": 2, "missing_branches": 0, "percent_branches_covered": 100.0, "percent_branches_covered_display": "100"}, "missing_lines": [], "excluded_lines": [], "start_line": 136, "executed_branches": [[228, -219], [228, 229]], "missing_branches": []}, "TestDecompressToCache": {"executed_lines": [419, 420, 421, 424, 425, 426, 427, 430, 431, 432, 433, 436, 437, 439, 440, 442, 443, 447, 448, 449, 451, 452, 453, 457, 458, 461, 463, 464, 466, 470, 473, 477, 478, 480, 481, 482, 483, 484, 485, 486, 487, 488, 490, 492, 493, 495, 499, 500, 502, 503, 504, 505, 506, 507, 508, 510, 511, 513, 517, 518, 520, 521, 522, 523, 524, 525, 527, 528, 530, 534, 535, 537, 538, 539, 540, 541, 542, 544, 545, 547, 557, 558, 560, 561, 562, 563, 564, 565, 567, 568, 570, 574, 575, 576, 577, 579, 580, 581, 582, 583, 585, 586, 587, 588, 589, 591, 592, 594, 598, 599, 601, 602, 603, 604, 605, 607, 608, 610, 614, 615, 616, 618, 619, 621, 625, 627, 631, 632, 633, 634, 636, 637, 638, 639, 640, 641, 642, 644, 645, 646, 647, 648, 649, 650, 652, 653, 654, 656, 657, 659, 660, 662, 666, 667, 668, 669, 671, 672, 673, 674, 675, 676, 677, 679, 681, 683, 684, 685, 688, 689, 691, 692, 694], "summary": {"covered_lines": 173, "num_statements": 173, "percent_covered": 99.42857142857143, "percent_covered_display": "99", "missing_lines": 0, "excluded_lines": 0, "percent_statements_covered": 100.0, "percent_statements_covered_display": "100", "num_branches": 2, "num_partial_branches": 1, "covered_branches": 1, "missing_branches": 1, "percent_branches_covered": 50.0, "percent_branches_covered_display": "50"}, "missing_lines": [], "excluded_lines": [], "start_line": 415, "executed_branches": [[688, 689]], "missing_branches": [[688, 691]]}, "TestDownloadFilesFromHuggingFace": {"executed_lines": [715, 717, 723, 724, 725, 731, 732, 733, 734, 736, 739, 740, 742, 748, 749, 755, 756, 757, 758, 760, 761, 762, 765, 771, 772, 784, 785, 786, 788, 794, 802, 803, 804, 806, 813, 817, 818, 819, 820, 821, 822, 826, 827, 828, 829, 836, 837, 838, 840, 841, 842, 843, 845, 850, 851, 852, 859, 860, 861, 862, 864, 865, 866, 868, 869, 870, 872, 873, 878, 879, 886, 887, 889, 890, 891, 893, 898, 907, 908, 910, 912, 913, 914, 915, 917, 918, 931, 934, 935, 936, 937, 940, 942, 943, 944, 947, 949, 954, 963, 966, 967, 968, 969, 972, 974, 975, 976, 979, 981, 986, 993, 994, 995, 996, 998, 999, 1000, 1001, 1004, 1006, 1007, 1008, 1011, 1013, 1018, 1025, 1026, 1029, 1030, 1031, 1032, 1034, 1035, 1036, 1037, 1041, 1046, 1057, 1058, 1059, 1060, 1062, 1063, 1064, 1065, 1068, 1069, 1071, 1077, 1082, 1083, 1085, 1086, 1087, 1089, 1102, 1103, 1107, 1110, 1111, 1112, 1115, 1120, 1125, 1126, 1127, 1129, 1135, 1136, 1138, 1141, 1142, 1144, 1145, 1146, 1148, 1149], "summary": {"covered_lines": 177, "num_statements": 181, "percent_covered": 96.2566844919786, "percent_covered_display": "96", "missing_lines": 4, "excluded_lines": 0, "percent_statements_covered": 97.79005524861878, "percent_statements_covered_display": "98", "num_branches": 6, "num_partial_branches": 3, "covered_branches": 3, "missing_branches": 3, "percent_branches_covered": 50.0, "percent_branches_covered_display": "50"}, "missing_lines": [706, 945, 977, 1009], "excluded_lines": [], "start_line": 702, "executed_branches": [[943, 944], [975, 976], [1007, 1008]], "missing_branches": [[943, 945], [975, 977], [1007, 1009]]}, "TestDownloadFromHF": {"executed_lines": [1167, 1168, 1170, 1174, 1175, 1185, 1186, 1188, 1190, 1197, 1198, 1199, 1200, 1209, 1211, 1218, 1219, 1220], "summary": {"covered_lines": 18, "num_statements": 18, "percent_covered": 100.0, "percent_covered_display": "100", "missing_lines": 0, "excluded_lines": 0, "percent_statements_covered": 100.0, "percent_statements_covered_display": "100", "num_branches": 2, "num_partial_branches": 0, "covered_branches": 2, "missing_branches": 0, "percent_branches_covered": 100.0, "percent_branches_covered_display": "100"}, "missing_lines": [], "excluded_lines": [], "start_line": 1160, "executed_branches": [[1185, 1186], [1185, 1188]], "missing_branches": []}, "TestRetrieveModelGcs": {"executed_lines": [1228, 1229, 1230, 1232, 1233, 1238, 1239, 1243, 1244, 1253, 1254, 1255, 1257, 1258, 1259, 1261, 1263, 1264, 1265, 1266, 1268, 1272, 1277, 1281, 1283, 1284, 1285, 1287, 1288, 1289, 1290, 1291, 1293, 1297, 1302, 1303, 1304, 1308, 1315, 1323, 1325, 1326, 1327, 1329, 1330, 1331, 1332, 1333, 1335, 1339, 1345], "summary": {"covered_lines": 51, "num_statements": 51, "percent_covered": 100.0, "percent_covered_display": "100", "missing_lines": 0, "excluded_lines": 0, "percent_statements_covered": 100.0, "percent_statements_covered_display": "100", "num_branches": 0, "num_partial_branches": 0, "covered_branches": 0, "missing_branches": 0, "percent_branches_covered": 100.0, "percent_branches_covered_display": "100"}, "missing_lines": [], "excluded_lines": [], "start_line": 1223, "executed_branches": [], "missing_branches": []}, "TestDownloadFromGcs": {"executed_lines": [1359, 1362, 1363, 1369, 1370, 1377, 1380, 1381, 1387, 1388], "summary": {"covered_lines": 10, "num_statements": 10, "percent_covered": 100.0, "percent_covered_display": "100", "missing_lines": 0, "excluded_lines": 0, "percent_statements_covered": 100.0, "percent_statements_covered_display": "100", "num_branches": 0, "num_partial_branches": 0, "covered_branches": 0, "missing_branches": 0, "percent_branches_covered": 100.0, "percent_branches_covered_display": "100"}, "missing_lines": [], "excluded_lines": [], "start_line": 1353, "executed_branches": [], "missing_branches": []}, "TestDownloadModel": {"executed_lines": [1401, 1402, 1405, 1410, 1411, 1412, 1413, 1415, 1420, 1422, 1423, 1424, 1429, 1430, 1432, 1434, 1436, 1437, 1438, 1439, 1441, 1444, 1446, 1447, 1452, 1453, 1455, 1456, 1458, 1464, 1466, 1467, 1472, 1473, 1475, 1478, 1480, 1481, 1487, 1489, 1498, 1504, 1506, 1515, 1517, 1522, 1524, 1537, 1542, 1543, 1545, 1546, 1547, 1548, 1550, 1556, 1558, 1559, 1566, 1569, 1571, 1572, 1573, 1575, 1578, 1580, 1581, 1582], "summary": {"covered_lines": 68, "num_statements": 68, "percent_covered": 100.0, "percent_covered_display": "100", "missing_lines": 0, "excluded_lines": 0, "percent_statements_covered": 100.0, "percent_statements_covered_display": "100", "num_branches": 4, "num_partial_branches": 0, "covered_branches": 4, "missing_branches": 0, "percent_branches_covered": 100.0, "percent_branches_covered_display": "100"}, "missing_lines": [], "excluded_lines": [], "start_line": 1396, "executed_branches": [[1437, 1438], [1437, 1439], [1546, 1547], [1546, 1548]], "missing_branches": []}, "TestCheckHFCache": {"executed_lines": [1597, 1598, 1599, 1600, 1603, 1604, 1606, 1608, 1615, 1616, 1617, 1619, 1625, 1626, 1627, 1628, 1631, 1633, 1635, 1642, 1643, 1650, 1651, 1653, 1654, 1656, 1663, 1664, 1665], "summary": {"covered_lines": 29, "num_statements": 29, "percent_covered": 100.0, "percent_covered_display": "100", "missing_lines": 0, "excluded_lines": 0, "percent_statements_covered": 100.0, "percent_statements_covered_display": "100", "num_branches": 0, "num_partial_branches": 0, "covered_branches": 0, "missing_branches": 0, "percent_branches_covered": 100.0, "percent_branches_covered_display": "100"}, "missing_lines": [], "excluded_lines": [], "start_line": 1590, "executed_branches": [], "missing_branches": []}, "TestSaveFileMetadata": {"executed_lines": [1679, 1680, 1681, 1684, 1685, 1687, 1688, 1695, 1696, 1697, 1700, 1704, 1706, 1707, 1712, 1713, 1715, 1716, 1718, 1719, 1720, 1721], "summary": {"covered_lines": 22, "num_statements": 22, "percent_covered": 100.0, "percent_covered_display": "100", "missing_lines": 0, "excluded_lines": 0, "percent_statements_covered": 100.0, "percent_statements_covered_display": "100", "num_branches": 0, "num_partial_branches": 0, "covered_branches": 0, "missing_branches": 0, "percent_branches_covered": 100.0, "percent_branches_covered_display": "100"}, "missing_lines": [], "excluded_lines": [], "start_line": 1673, "executed_branches": [], "missing_branches": []}, "TestVerifyFilesFromMetadata": {"executed_lines": [1730, 1731, 1732, 1735, 1736, 1740], "summary": {"covered_lines": 6, "num_statements": 6, "percent_covered": 100.0, "percent_covered_display": "100", "missing_lines": 0, "excluded_lines": 0, "percent_statements_covered": 100.0, "percent_statements_covered_display": "100", "num_branches": 0, "num_partial_branches": 0, "covered_branches": 0, "missing_branches": 0, "percent_branches_covered": 100.0, "percent_branches_covered_display": "100"}, "missing_lines": [], "excluded_lines": [], "start_line": 1725, "executed_branches": [], "missing_branches": []}, "TestVerifyLocalMetadata": {"executed_lines": [1748, 1749, 1750, 1751, 1752, 1754, 1755, 1756, 1760, 1761, 1766, 1767, 1768, 1769, 1771, 1773, 1774, 1775, 1780, 1781, 1782, 1783, 1785, 1786, 1790, 1791, 1792, 1796, 1797, 1800, 1803, 1804], "summary": {"covered_lines": 32, "num_statements": 32, "percent_covered": 100.0, "percent_covered_display": "100", "missing_lines": 0, "excluded_lines": 0, "percent_statements_covered": 100.0, "percent_statements_covered_display": "100", "num_branches": 0, "num_partial_branches": 0, "covered_branches": 0, "missing_branches": 0, "percent_branches_covered": 100.0, "percent_branches_covered_display": "100"}, "missing_lines": [], "excluded_lines": [], "start_line": 1743, "executed_branches": [], "missing_branches": []}, "TestGetExpectedHashes": {"executed_lines": [1817, 1821, 1822, 1828, 1829, 1836, 1839, 1846, 1847], "summary": {"covered_lines": 9, "num_statements": 9, "percent_covered": 100.0, "percent_covered_display": "100", "missing_lines": 0, "excluded_lines": 0, "percent_statements_covered": 100.0, "percent_statements_covered_display": "100", "num_branches": 0, "num_partial_branches": 0, "covered_branches": 0, "missing_branches": 0, "percent_branches_covered": 100.0, "percent_branches_covered_display": "100"}, "missing_lines": [], "excluded_lines": [], "start_line": 1812, "executed_branches": [], "missing_branches": []}, "TestFetchRepoFiles": {"executed_lines": [1865, 1867, 1875, 1877, 1879, 1880, 1881, 1882, 1883, 1884, 1885, 1886, 1887, 1892, 1894, 1895, 1901, 1902, 1904, 1906, 1907], "summary": {"covered_lines": 21, "num_statements": 21, "percent_covered": 100.0, "percent_covered_display": "100", "missing_lines": 0, "excluded_lines": 0, "percent_statements_covered": 100.0, "percent_statements_covered_display": "100", "num_branches": 0, "num_partial_branches": 0, "covered_branches": 0, "missing_branches": 0, "percent_branches_covered": 100.0, "percent_branches_covered_display": "100"}, "missing_lines": [], "excluded_lines": [], "start_line": 1858, "executed_branches": [], "missing_branches": []}, "TestValidateTarMember": {"executed_lines": [1924, 1925, 1926, 1927, 1928, 1929, 1930, 1931, 1936, 1940, 1943, 1950, 1951, 1954, 1960, 1968, 1969, 1972, 1973, 1976, 1977, 1980, 1981, 1986, 1987, 1990, 1991, 1997, 1998, 2004, 2005], "summary": {"covered_lines": 31, "num_statements": 31, "percent_covered": 100.0, "percent_covered_display": "100", "missing_lines": 0, "excluded_lines": 0, "percent_statements_covered": 100.0, "percent_statements_covered_display": "100", "num_branches": 0, "num_partial_branches": 0, "covered_branches": 0, "missing_branches": 0, "percent_branches_covered": 100.0, "percent_branches_covered_display": "100"}, "missing_lines": [], "excluded_lines": [], "start_line": 1910, "executed_branches": [], "missing_branches": []}, "": {"executed_lines": [3, 4, 5, 6, 7, 8, 9, 10, 11, 13, 14, 15, 16, 18, 19, 26, 28, 31, 33, 34, 35, 37, 38, 39, 40, 41, 44, 53, 54, 65, 68, 70, 71, 74, 75, 78, 79, 88, 91, 95, 99, 109, 112, 118, 122, 126, 136, 139, 141, 148, 155, 156, 177, 178, 197, 198, 213, 219, 232, 233, 249, 259, 268, 269, 281, 282, 301, 302, 320, 321, 337, 338, 357, 358, 383, 384, 415, 418, 423, 429, 435, 445, 455, 475, 497, 515, 532, 549, 572, 596, 612, 629, 664, 702, 705, 711, 712, 713, 727, 728, 729, 751, 752, 753, 774, 775, 776, 796, 797, 798, 815, 824, 831, 832, 833, 834, 854, 855, 856, 857, 881, 882, 883, 884, 900, 901, 902, 903, 924, 925, 926, 927, 956, 957, 958, 959, 988, 989, 990, 991, 1020, 1021, 1022, 1023, 1050, 1051, 1052, 1053, 1097, 1098, 1099, 1100, 1160, 1163, 1164, 1165, 1177, 1178, 1179, 1180, 1181, 1202, 1203, 1204, 1205, 1223, 1226, 1241, 1251, 1279, 1306, 1321, 1353, 1356, 1357, 1374, 1375, 1396, 1399, 1407, 1408, 1426, 1427, 1449, 1450, 1469, 1470, 1483, 1484, 1485, 1500, 1501, 1502, 1519, 1520, 1539, 1540, 1561, 1562, 1590, 1593, 1594, 1595, 1621, 1622, 1623, 1645, 1646, 1647, 1648, 1673, 1676, 1677, 1692, 1693, 1710, 1725, 1728, 1743, 1746, 1763, 1764, 1777, 1778, 1794, 1812, 1815, 1819, 1824, 1834, 1844, 1858, 1861, 1862, 1863, 1889, 1890, 1897, 1898, 1899, 1910, 1914, 1935, 1938, 1942, 1947, 1953, 1959, 1967, 1971, 1975, 1979, 1985, 1989, 1996, 2003], "summary": {"covered_lines": 256, "num_statements": 256, "percent_covered": 100.0, "percent_covered_display": "100", "missing_lines": 0, "excluded_lines": 0, "percent_statements_covered": 100.0, "percent_statements_covered_display": "100", "num_branches": 0, "num_partial_branches": 0, "covered_branches": 0, "missing_branches": 0, "percent_branches_covered": 100.0, "percent_branches_covered_display": "100"}, "missing_lines": [], "excluded_lines": [], "start_line": 1, "executed_branches": [], "missing_branches": []}}}}, "totals": {"covered_lines": 2010, "num_statements": 2910, "percent_covered": 62.87215411558669, "percent_covered_display": "63", "missing_lines": 900, "excluded_lines": 0, "percent_statements_covered": 69.0721649484536, "percent_statements_covered_display": "69", "num_branches": 516, "num_partial_branches": 14, "covered_branches": 144, "missing_branches": 372, "percent_branches_covered": 27.906976744186046, "percent_branches_covered_display": "28"}}